<?xml version="1.0" encoding="utf-8"?><testsuites name="pytest tests"><testsuite name="pytest" errors="0" failures="0" skipped="0" tests="9" time="0.637" timestamp="2026-06-25T01:21:07.028100+00:00" hostname="agent-env-c6187bdf-1b31-4d59-8340-4e23bea1eb04"><testcase classname="tests.test_iter12_integrations.TestIntegrationsStatus" name="test_status_returns_both_services" time="0.237" /><testcase classname="tests.test_iter12_integrations.TestIntegrationsStatus" name="test_status_requires_auth" time="0.002" /><testcase classname="tests.test_iter12_integrations.TestIntegrationsStatus" name="test_twilio_configured_after_env_wireup" time="0.003" /><testcase classname="tests.test_iter12_integrations.TestIntegrationsStatus" name="test_resend_configured_after_env_wireup" time="0.002" /><testcase classname="tests.test_iter12_integrations.TestEmailTest" name="test_send_test_email_to_resend_sandbox" time="0.352" /><testcase classname="tests.test_iter12_integrations.TestEmailTest" name="test_send_test_email_rejects_bad_email" time="0.004" /><testcase classname="tests.test_iter12_integrations.TestSmsStatusReflectsTwilio" name="test_payroll_sms_status_says_configured" time="0.003" /><testcase classname="tests.test_iter12_integrations.TestSlugNormalisationRegression" name="test_slug_strips_non_alnum" time="0.008" /><testcase classname="tests.test_iter12_integrations.TestSlugNormalisationRegression" name="test_slug_empty_after_norm_returns_400" time="0.004" /></testsuite></testsuites>