<?xml version="1.0" encoding="utf-8"?><testsuites name="pytest tests"><testsuite name="pytest" errors="0" failures="0" skipped="0" tests="29" time="10.953" timestamp="2026-05-10T14:47:47.618032+00:00" hostname="agent-env-c6187bdf-1b31-4d59-8340-4e23bea1eb04"><testcase classname="backend.tests.test_iter2_exports" name="test_employees_have_bank_fields" time="0.449" /><testcase classname="backend.tests.test_iter2_exports" name="test_payslip_pdf_admin_returns_pdf" time="0.224" /><testcase classname="backend.tests.test_iter2_exports" name="test_payslip_pdf_employee_own" time="0.561" /><testcase classname="backend.tests.test_iter2_exports" name="test_payslip_pdf_employee_forbidden_others" time="0.109" /><testcase classname="backend.tests.test_iter2_exports" name="test_payslip_pdf_404" time="0.128" /><testcase classname="backend.tests.test_iter2_exports" name="test_bank_file_admin" time="0.102" /><testcase classname="backend.tests.test_iter2_exports" name="test_bank_file_employee_forbidden" time="0.107" /><testcase classname="backend.tests.test_iter2_exports" name="test_bank_file_404" time="0.097" /><testcase classname="backend.tests.test_iter2_exports" name="test_audit_admin_lists" time="0.106" /><testcase classname="backend.tests.test_iter2_exports" name="test_audit_employee_forbidden" time="0.101" /><testcase classname="backend.tests.test_iter2_exports" name="test_audit_auto_create_on_employee_mutation" time="0.420" /><testcase classname="backend.tests.test_iter2_exports" name="test_audit_auto_create_on_bank_file_export" time="0.224" /><testcase classname="backend.tests.test_iter2_exports" name="test_my_payslips_employee" time="0.104" /><testcase classname="backend.tests.test_salonehcm" name="test_login_admin_returns_token" time="0.328" /><testcase classname="backend.tests.test_salonehcm" name="test_login_invalid_creds" time="0.102" /><testcase classname="backend.tests.test_salonehcm" name="test_auth_me" time="0.497" /><testcase classname="backend.tests.test_salonehcm" name="test_list_employees_seeded" time="0.104" /><testcase classname="backend.tests.test_salonehcm" name="test_create_and_get_employee" time="0.298" /><testcase classname="backend.tests.test_salonehcm" name="test_employee_cannot_create" time="0.439" /><testcase classname="backend.tests.test_salonehcm" name="test_payroll_preview" time="0.100" /><testcase classname="backend.tests.test_salonehcm" name="test_payroll_run_and_list" time="0.361" /><testcase classname="backend.tests.test_salonehcm" name="test_my_payslip_employee" time="0.115" /><testcase classname="backend.tests.test_salonehcm" name="test_compliance_summary" time="0.132" /><testcase classname="backend.tests.test_salonehcm" name="test_nra_export" time="0.228" /><testcase classname="backend.tests.test_salonehcm" name="test_leave_create_and_decision" time="0.302" /><testcase classname="backend.tests.test_salonehcm" name="test_leave_employee_only_own" time="0.103" /><testcase classname="backend.tests.test_salonehcm" name="test_attendance_create_list" time="0.312" /><testcase classname="backend.tests.test_salonehcm" name="test_dashboard_overview" time="0.110" /><testcase classname="backend.tests.test_salonehcm" name="test_assistant_chat" time="4.610" /></testsuite></testsuites>