<?xml version="1.0" encoding="utf-8"?><testsuites name="pytest tests"><testsuite name="pytest" errors="0" failures="0" skipped="0" tests="13" time="2.889" timestamp="2026-05-10T14:47:40.016417+00:00" hostname="agent-env-c6187bdf-1b31-4d59-8340-4e23bea1eb04"><testcase classname="backend.tests.test_iter2_exports" name="test_employees_have_bank_fields" time="0.504" /><testcase classname="backend.tests.test_iter2_exports" name="test_payslip_pdf_admin_returns_pdf" time="0.243" /><testcase classname="backend.tests.test_iter2_exports" name="test_payslip_pdf_employee_own" time="0.613" /><testcase classname="backend.tests.test_iter2_exports" name="test_payslip_pdf_employee_forbidden_others" time="0.107" /><testcase classname="backend.tests.test_iter2_exports" name="test_payslip_pdf_404" time="0.116" /><testcase classname="backend.tests.test_iter2_exports" name="test_bank_file_admin" time="0.106" /><testcase classname="backend.tests.test_iter2_exports" name="test_bank_file_employee_forbidden" time="0.102" /><testcase classname="backend.tests.test_iter2_exports" name="test_bank_file_404" time="0.114" /><testcase classname="backend.tests.test_iter2_exports" name="test_audit_admin_lists" time="0.099" /><testcase classname="backend.tests.test_iter2_exports" name="test_audit_employee_forbidden" time="0.094" /><testcase classname="backend.tests.test_iter2_exports" name="test_audit_auto_create_on_employee_mutation" time="0.410" /><testcase classname="backend.tests.test_iter2_exports" name="test_audit_auto_create_on_bank_file_export" time="0.211" /><testcase classname="backend.tests.test_iter2_exports" name="test_my_payslips_employee" time="0.103" /></testsuite></testsuites>