<?xml version="1.0" encoding="utf-8"?><testsuites name="pytest tests"><testsuite name="pytest" errors="0" failures="1" skipped="0" tests="40" time="22.535" timestamp="2026-05-10T15:17:59.214874+00:00" hostname="agent-env-c6187bdf-1b31-4d59-8340-4e23bea1eb04"><testcase classname="backend.tests.test_iter2_exports" name="test_employees_have_bank_fields" time="0.462" /><testcase classname="backend.tests.test_iter2_exports" name="test_payslip_pdf_admin_returns_pdf" time="0.216" /><testcase classname="backend.tests.test_iter2_exports" name="test_payslip_pdf_employee_own" time="0.540" /><testcase classname="backend.tests.test_iter2_exports" name="test_payslip_pdf_employee_forbidden_others" time="0.103" /><testcase classname="backend.tests.test_iter2_exports" name="test_payslip_pdf_404" time="0.112" /><testcase classname="backend.tests.test_iter2_exports" name="test_bank_file_admin" time="0.104"><failure message="AssertionError: assert 'bank_name,ac...e,reference\r' == 'bank_name,ac...sle,reference'&#10;  &#10;  - bank_name,account_no,beneficiary,amount_sle,reference&#10;  + bank_name,account_no,beneficiary,amount_sle,reference&#10;  ?                                                      +">backend/tests/test_iter2_exports.py:106: in test_bank_file_admin
    assert lines[0] == "bank_name,account_no,beneficiary,amount_sle,reference"
E   AssertionError: assert 'bank_name,ac...e,reference\r' == 'bank_name,ac...sle,reference'
E     
E     - bank_name,account_no,beneficiary,amount_sle,reference
E     + bank_name,account_no,beneficiary,amount_sle,reference
E     ?                                                      +</failure></testcase><testcase classname="backend.tests.test_iter2_exports" name="test_bank_file_employee_forbidden" time="0.099" /><testcase classname="backend.tests.test_iter2_exports" name="test_bank_file_404" time="0.107" /><testcase classname="backend.tests.test_iter2_exports" name="test_audit_admin_lists" time="0.111" /><testcase classname="backend.tests.test_iter2_exports" name="test_audit_employee_forbidden" time="0.090" /><testcase classname="backend.tests.test_iter2_exports" name="test_audit_auto_create_on_employee_mutation" time="0.446" /><testcase classname="backend.tests.test_iter2_exports" name="test_audit_auto_create_on_bank_file_export" time="0.211" /><testcase classname="backend.tests.test_iter2_exports" name="test_my_payslips_employee" time="0.101" /><testcase classname="backend.tests.test_iter4_action_mode" name="test_assistant_context_includes_id_prefix" time="0.486" /><testcase classname="backend.tests.test_iter4_action_mode" name="test_assistant_context_employee_forbidden" time="0.447" /><testcase classname="backend.tests.test_iter4_action_mode" name="test_assistant_chat_action_mode_admin" time="4.300" /><testcase classname="backend.tests.test_iter4_action_mode" name="test_assistant_chat_action_mode_employee_plan_null" time="6.605" /><testcase classname="backend.tests.test_iter4_action_mode" name="test_execute_plan_admin_multi_step" time="0.570" /><testcase classname="backend.tests.test_iter4_action_mode" name="test_execute_plan_employee_forbidden" time="0.127" /><testcase classname="backend.tests.test_iter4_action_mode" name="test_execute_plan_empty_steps_400" time="0.103" /><testcase classname="backend.tests.test_iter4_action_mode" name="test_execute_plan_unknown_step_skipped" time="0.108" /><testcase classname="backend.tests.test_iter4_action_mode" name="test_execute_plan_step_error_isolated" time="0.137" /><testcase classname="backend.tests.test_iter4_action_mode" name="test_bank_file_csv_proper_escaping" time="0.425" /><testcase classname="backend.tests.test_iter4_action_mode" name="test_bank_file_employee_forbidden" time="0.238" /><testcase classname="backend.tests.test_salonehcm" name="test_login_admin_returns_token" time="0.328" /><testcase classname="backend.tests.test_salonehcm" name="test_login_invalid_creds" time="0.099" /><testcase classname="backend.tests.test_salonehcm" name="test_auth_me" time="0.426" /><testcase classname="backend.tests.test_salonehcm" name="test_list_employees_seeded" time="0.114" /><testcase classname="backend.tests.test_salonehcm" name="test_create_and_get_employee" time="0.383" /><testcase classname="backend.tests.test_salonehcm" name="test_employee_cannot_create" time="0.435" /><testcase classname="backend.tests.test_salonehcm" name="test_payroll_preview" time="0.103" /><testcase classname="backend.tests.test_salonehcm" name="test_payroll_run_and_list" time="0.363" /><testcase classname="backend.tests.test_salonehcm" name="test_my_payslip_employee" time="0.104" /><testcase classname="backend.tests.test_salonehcm" name="test_compliance_summary" time="0.101" /><testcase classname="backend.tests.test_salonehcm" name="test_nra_export" time="0.222" /><testcase classname="backend.tests.test_salonehcm" name="test_leave_create_and_decision" time="0.316" /><testcase classname="backend.tests.test_salonehcm" name="test_leave_employee_only_own" time="0.101" /><testcase classname="backend.tests.test_salonehcm" name="test_attendance_create_list" time="0.324" /><testcase classname="backend.tests.test_salonehcm" name="test_dashboard_overview" time="0.115" /><testcase classname="backend.tests.test_salonehcm" name="test_assistant_chat" time="2.653" /></testsuite></testsuites>