<?xml version="1.0" encoding="utf-8"?><testsuites name="pytest tests"><testsuite name="pytest" errors="0" failures="0" skipped="0" tests="5" time="2.413" timestamp="2026-05-19T03:29:47.741863+00:00" hostname="agent-env-c6187bdf-1b31-4d59-8340-4e23bea1eb04"><testcase classname="backend.tests.test_iter15_csrf_extra" name="test_employees_post_blocks_without_csrf_when_cookie_authed" time="0.494" /><testcase classname="backend.tests.test_iter15_csrf_extra" name="test_employees_post_succeeds_with_csrf_header" time="0.475" /><testcase classname="backend.tests.test_iter15_csrf_extra" name="test_bearer_post_employees_skips_csrf" time="0.456" /><testcase classname="backend.tests.test_iter15_csrf_extra" name="test_login_and_accept_invite_are_csrf_exempt" time="0.379" /><testcase classname="backend.tests.test_iter15_csrf_extra" name="test_admin_switch_company_refreshes_cookies" time="0.584" /></testsuite></testsuites>