<?xml version="1.0" encoding="utf-8"?><testsuites name="pytest tests"><testsuite name="pytest" errors="0" failures="0" skipped="1" tests="26" time="6.898" timestamp="2026-05-11T00:08:23.109997+00:00" hostname="agent-env-c6187bdf-1b31-4d59-8340-4e23bea1eb04"><testcase classname="backend.tests.test_iter7_tenant.TestLogin" name="test_login_returns_company_block" time="0.403" /><testcase classname="backend.tests.test_iter7_tenant.TestLogin" name="test_me_returns_company" time="0.438" /><testcase classname="backend.tests.test_iter7_tenant.TestCompanyEndpoints" name="test_get_company" time="0.109" /><testcase classname="backend.tests.test_iter7_tenant.TestCompanyEndpoints" name="test_get_tiers" time="0.107" /><testcase classname="backend.tests.test_iter7_tenant.TestTenantScoping" name="test_list_endpoint_scoped[/api/employees-False]" time="0.246" /><testcase classname="backend.tests.test_iter7_tenant.TestTenantScoping" name="test_list_endpoint_scoped[/api/payroll/runs-False]" time="0.268" /><testcase classname="backend.tests.test_iter7_tenant.TestTenantScoping" name="test_list_endpoint_scoped[/api/leave-False]" time="0.219" /><testcase classname="backend.tests.test_iter7_tenant.TestTenantScoping" name="test_list_endpoint_scoped[/api/attendance-True]" time="0.220" /><testcase classname="backend.tests.test_iter7_tenant.TestTenantScoping" name="test_list_endpoint_scoped[/api/benefits/plans-False]" time="0.254" /><testcase classname="backend.tests.test_iter7_tenant.TestTenantScoping" name="test_list_endpoint_scoped[/api/talent/postings-False]" time="0.216" /><testcase classname="backend.tests.test_iter7_tenant.TestTenantScoping" name="test_list_endpoint_scoped[/api/documents-True]" time="0.251" /><testcase classname="backend.tests.test_iter7_tenant.TestTenantScoping" name="test_list_endpoint_scoped[/api/payroll/scenarios-True]" time="0.200" /><testcase classname="backend.tests.test_iter7_tenant.TestTenantScoping" name="test_list_endpoint_scoped[/api/audit-False]" time="0.243" /><testcase classname="backend.tests.test_iter7_tenant.TestTenantScoping" name="test_dashboard_overview_200" time="0.245" /><testcase classname="backend.tests.test_iter7_tenant.TestTenantScoping" name="test_analytics_payroll_trend_200" time="0.229" /><testcase classname="backend.tests.test_iter7_tenant.TestTierGatingEnterprise" name="test_enterprise_can_access[/api/payroll/scenarios]" time="0.116" /><testcase classname="backend.tests.test_iter7_tenant.TestTierGatingEnterprise" name="test_enterprise_can_access[/api/analytics/payroll-trend]" time="0.113" /><testcase classname="backend.tests.test_iter7_tenant.TestTierGatingEnterprise" name="test_enterprise_can_access[/api/documents]" time="0.114" /><testcase classname="backend.tests.test_iter7_tenant.TestTierGatingEnterprise" name="test_enterprise_can_access[/api/benefits/plans]" time="0.105" /><testcase classname="backend.tests.test_iter7_tenant.TestTierGatingEnterprise" name="test_enterprise_can_access[/api/talent/postings]" time="0.138" /><testcase classname="backend.tests.test_iter7_tenant.TestDecisionBriefPDF" name="test_pdf_mentions_company_and_tier" time="0.677" /><testcase classname="backend.tests.test_iter7_tenant.TestDocumentTenant" name="test_upload_carries_company_id_and_cross_tenant_404" time="0.733" /><testcase classname="backend.tests.test_iter7_tenant.TestPayrollRun" name="test_run_inserts_with_company_id" time="0.223" /><testcase classname="backend.tests.test_iter7_tenant.TestManagerLeave" name="test_manager_can_approve_direct_report" time="0.571"><skipped type="pytest.skip" message="Aminata has no direct reports in current data">/app/backend/tests/test_iter7_tenant.py:287: Aminata has no direct reports in current data</skipped></testcase><testcase classname="backend.tests.test_iter7_tenant.TestAIActionMode" name="test_execute_payroll_simulate" time="0.108" /><testcase classname="backend.tests.test_iter7_tenant.TestAuditTenant" name="test_audit_only_my_company" time="0.255" /></testsuite></testsuites>