<?xml version="1.0" encoding="utf-8"?><testsuites name="pytest tests"><testsuite name="pytest" errors="0" failures="0" skipped="0" tests="61" time="29.471" timestamp="2026-05-10T15:33:25.439954+00:00" hostname="agent-env-c6187bdf-1b31-4d59-8340-4e23bea1eb04"><testcase classname="tests.test_iter2_exports" name="test_employees_have_bank_fields" time="0.449" /><testcase classname="tests.test_iter2_exports" name="test_payslip_pdf_admin_returns_pdf" time="0.237" /><testcase classname="tests.test_iter2_exports" name="test_payslip_pdf_employee_own" time="0.530" /><testcase classname="tests.test_iter2_exports" name="test_payslip_pdf_employee_forbidden_others" time="0.096" /><testcase classname="tests.test_iter2_exports" name="test_payslip_pdf_404" time="0.101" /><testcase classname="tests.test_iter2_exports" name="test_bank_file_admin" time="0.102" /><testcase classname="tests.test_iter2_exports" name="test_bank_file_employee_forbidden" time="0.106" /><testcase classname="tests.test_iter2_exports" name="test_bank_file_404" time="0.096" /><testcase classname="tests.test_iter2_exports" name="test_audit_admin_lists" time="0.116" /><testcase classname="tests.test_iter2_exports" name="test_audit_employee_forbidden" time="0.107" /><testcase classname="tests.test_iter2_exports" name="test_audit_auto_create_on_employee_mutation" time="0.425" /><testcase classname="tests.test_iter2_exports" name="test_audit_auto_create_on_bank_file_export" time="0.237" /><testcase classname="tests.test_iter2_exports" name="test_my_payslips_employee" time="0.107" /><testcase classname="tests.test_iter4_action_mode" name="test_assistant_context_includes_id_prefix" time="0.447" /><testcase classname="tests.test_iter4_action_mode" name="test_assistant_context_employee_forbidden" time="0.433" /><testcase classname="tests.test_iter4_action_mode" name="test_assistant_chat_action_mode_admin" time="6.243" /><testcase classname="tests.test_iter4_action_mode" name="test_assistant_chat_action_mode_employee_plan_null" time="8.698" /><testcase classname="tests.test_iter4_action_mode" name="test_execute_plan_admin_multi_step" time="0.571" /><testcase classname="tests.test_iter4_action_mode" name="test_execute_plan_employee_forbidden" time="0.107" /><testcase classname="tests.test_iter4_action_mode" name="test_execute_plan_empty_steps_422" time="0.107" /><testcase classname="tests.test_iter4_action_mode" name="test_execute_plan_unknown_step_422" time="0.107" /><testcase classname="tests.test_iter4_action_mode" name="test_execute_plan_step_error_isolated" time="0.106" /><testcase classname="tests.test_iter4_action_mode" name="test_bank_file_csv_proper_escaping" time="0.419" /><testcase classname="tests.test_iter4_action_mode" name="test_bank_file_employee_forbidden" time="0.208" /><testcase classname="tests.test_iter5_refactor" name="test_router_mounted[GET-/]" time="0.427" /><testcase classname="tests.test_iter5_refactor" name="test_router_mounted[GET-/auth/me]" time="0.103" /><testcase classname="tests.test_iter5_refactor" name="test_router_mounted[GET-/employees]" time="0.099" /><testcase classname="tests.test_iter5_refactor" name="test_router_mounted[GET-/payroll/runs]" time="0.117" /><testcase classname="tests.test_iter5_refactor" name="test_router_mounted[GET-/leave]" time="0.104" /><testcase classname="tests.test_iter5_refactor" name="test_router_mounted[GET-/attendance]" time="0.101" /><testcase classname="tests.test_iter5_refactor" name="test_router_mounted[GET-/dashboard/overview]" time="0.099" /><testcase classname="tests.test_iter5_refactor" name="test_router_mounted[GET-/audit]" time="0.109" /><testcase classname="tests.test_iter5_refactor" name="test_router_mounted[GET-/compliance/summary]" time="0.102" /><testcase classname="tests.test_iter5_refactor" name="test_plan_unknown_step_type_422" time="0.119" /><testcase classname="tests.test_iter5_refactor" name="test_plan_max_50_steps_cap_422" time="0.108" /><testcase classname="tests.test_iter5_refactor" name="test_plan_exactly_50_steps_accepted" time="0.119" /><testcase classname="tests.test_iter5_refactor" name="test_plan_empty_steps_422" time="0.105" /><testcase classname="tests.test_iter5_refactor" name="test_plan_payroll_run_missing_fields_422" time="0.097" /><testcase classname="tests.test_iter5_refactor" name="test_plan_leave_decision_missing_fields_422" time="0.099" /><testcase classname="tests.test_iter5_refactor" name="test_plan_attendance_log_missing_fields_422" time="0.102" /><testcase classname="tests.test_iter5_refactor" name="test_plan_payroll_run_invalid_month_422" time="0.112" /><testcase classname="tests.test_iter5_refactor" name="test_shared_run_payroll_equivalent_outputs" time="0.329" /><testcase classname="tests.test_iter5_refactor" name="test_audit_action_prefixes_distinguish_source" time="0.677" /><testcase classname="tests.test_iter5_refactor" name="test_lifespan_seed_admin_login_works" time="0.000" /><testcase classname="tests.test_iter5_refactor" name="test_root_endpoint_alive" time="0.106" /><testcase classname="tests.test_salonehcm" name="test_login_admin_returns_token" time="0.326" /><testcase classname="tests.test_salonehcm" name="test_login_invalid_creds" time="0.119" /><testcase classname="tests.test_salonehcm" name="test_auth_me" time="0.452" /><testcase classname="tests.test_salonehcm" name="test_list_employees_seeded" time="0.139" /><testcase classname="tests.test_salonehcm" name="test_create_and_get_employee" time="0.320" /><testcase classname="tests.test_salonehcm" name="test_employee_cannot_create" time="0.547" /><testcase classname="tests.test_salonehcm" name="test_payroll_preview" time="0.101" /><testcase classname="tests.test_salonehcm" name="test_payroll_run_and_list" time="0.338" /><testcase classname="tests.test_salonehcm" name="test_my_payslip_employee" time="0.116" /><testcase classname="tests.test_salonehcm" name="test_compliance_summary" time="0.105" /><testcase classname="tests.test_salonehcm" name="test_nra_export" time="0.214" /><testcase classname="tests.test_salonehcm" name="test_leave_create_and_decision" time="0.329" /><testcase classname="tests.test_salonehcm" name="test_leave_employee_only_own" time="0.104" /><testcase classname="tests.test_salonehcm" name="test_attendance_create_list" time="0.315" /><testcase classname="tests.test_salonehcm" name="test_dashboard_overview" time="0.101" /><testcase classname="tests.test_salonehcm" name="test_assistant_chat" time="2.358" /></testsuite></testsuites>