<?xml version="1.0" encoding="utf-8"?><testsuites name="pytest tests"><testsuite name="pytest" errors="0" failures="0" skipped="0" tests="11" time="9.891" timestamp="2026-06-24T20:51:52.763763+00:00" hostname="agent-env-c6187bdf-1b31-4d59-8340-4e23bea1eb04"><testcase classname="test_iter20_presets_and_promotion" name="test_sector_catalog_returns_five_presets" time="0.520" /><testcase classname="test_iter20_presets_and_promotion" name="test_apply_preset_to_employee" time="0.818" /><testcase classname="test_iter20_presets_and_promotion" name="test_apply_preset_with_overrides" time="0.809" /><testcase classname="test_iter20_presets_and_promotion" name="test_apply_bulk_by_ids" time="0.643" /><testcase classname="test_iter20_presets_and_promotion" name="test_clear_preset" time="1.951" /><testcase classname="test_iter20_presets_and_promotion" name="test_sector_allowances_flow_into_payroll" time="0.970" /><testcase classname="test_iter20_presets_and_promotion" name="test_eligible_list_returns_rows" time="0.513" /><testcase classname="test_iter20_presets_and_promotion" name="test_cannot_recommend_non_eligible" time="0.599" /><testcase classname="test_iter20_presets_and_promotion" name="test_recommend_approve_lifecycle" time="0.729" /><testcase classname="test_iter20_presets_and_promotion" name="test_double_pending_recommendation_blocked" time="0.602" /><testcase classname="test_iter20_presets_and_promotion" name="test_lite_tier_blocked_from_sector" time="1.711" /></testsuite></testsuites>