<?xml version="1.0" encoding="utf-8"?><testsuites name="pytest tests"><testsuite name="pytest" errors="0" failures="0" skipped="0" tests="15" time="8.047" timestamp="2026-06-23T20:55:43.795979+00:00" hostname="agent-env-c6187bdf-1b31-4d59-8340-4e23bea1eb04"><testcase classname="tests.test_iter20_presets_and_promotion" name="test_sector_catalog_returns_five_presets" time="0.528" /><testcase classname="tests.test_iter20_presets_and_promotion" name="test_apply_preset_to_employee" time="0.678" /><testcase classname="tests.test_iter20_presets_and_promotion" name="test_apply_preset_with_overrides" time="0.657" /><testcase classname="tests.test_iter20_presets_and_promotion" name="test_apply_bulk_by_ids" time="0.538" /><testcase classname="tests.test_iter20_presets_and_promotion" name="test_clear_preset" time="0.785" /><testcase classname="tests.test_iter20_presets_and_promotion" name="test_sector_allowances_flow_into_payroll" time="0.723" /><testcase classname="tests.test_iter20_presets_and_promotion" name="test_eligible_list_returns_rows" time="0.422" /><testcase classname="tests.test_iter20_presets_and_promotion" name="test_cannot_recommend_non_eligible" time="0.536" /><testcase classname="tests.test_iter20_presets_and_promotion" name="test_recommend_approve_lifecycle" time="0.646" /><testcase classname="tests.test_iter20_presets_and_promotion" name="test_double_pending_recommendation_blocked" time="0.566" /><testcase classname="tests.test_iter20_presets_and_promotion" name="test_lite_tier_blocked_from_sector" time="1.529" /><testcase classname="tests.test_iter21_marketing_leads" name="test_lead_capture_creates_doc_in_db" time="0.101" /><testcase classname="tests.test_iter21_marketing_leads" name="test_lead_capture_rejects_invalid_email" time="0.097" /><testcase classname="tests.test_iter21_marketing_leads" name="test_lead_capture_rejects_zero_employees" time="0.113" /><testcase classname="tests.test_iter21_marketing_leads" name="test_lead_capture_is_public_no_auth_required" time="0.103" /></testsuite></testsuites>