<?xml version="1.0" encoding="utf-8"?><testsuites name="pytest tests"><testsuite name="pytest" errors="0" failures="0" skipped="0" tests="35" time="10.109" timestamp="2026-06-28T04:17:57.352094+00:00" hostname="agent-env-c6187bdf-1b31-4d59-8340-4e23bea1eb04"><testcase classname="backend.tests.test_iter26_videos" name="test_list_videos_is_public_returns_seeded" time="0.180" /><testcase classname="backend.tests.test_iter26_videos" name="test_list_videos_filter_by_category" time="0.113" /><testcase classname="backend.tests.test_iter26_videos" name="test_list_videos_filter_by_persona" time="0.115" /><testcase classname="backend.tests.test_iter26_videos" name="test_get_single_video_404" time="0.113" /><testcase classname="backend.tests.test_iter26_videos" name="test_create_video_requires_superadmin" time="0.437" /><testcase classname="backend.tests.test_iter26_videos" name="test_create_video_unauthenticated_rejected" time="0.136" /><testcase classname="backend.tests.test_iter26_videos" name="test_create_video_validates_category" time="0.472" /><testcase classname="backend.tests.test_iter26_videos" name="test_create_video_validates_persona" time="0.433" /><testcase classname="backend.tests.test_iter26_videos" name="test_video_crud_lifecycle" time="0.913" /><testcase classname="backend.tests.test_iter26_videos" name="test_unpublished_video_hidden_from_public" time="0.808" /><testcase classname="backend.tests.test_iter21_marketing_leads" name="test_lead_capture_creates_doc_in_db" time="0.107" /><testcase classname="backend.tests.test_iter21_marketing_leads" name="test_lead_capture_rejects_invalid_email" time="0.094" /><testcase classname="backend.tests.test_iter21_marketing_leads" name="test_lead_capture_rejects_zero_employees" time="0.091" /><testcase classname="backend.tests.test_iter21_marketing_leads" name="test_lead_capture_is_public_no_auth_required" time="0.096" /><testcase classname="backend.tests.test_iter22_feature_resync" name="test_gov_features_array_matches_tier_after_boot" time="0.347" /><testcase classname="backend.tests.test_iter22_feature_resync" name="test_resync_function_corrects_drift" time="0.627" /><testcase classname="backend.tests.test_iter23_drift_monitor" name="test_drift_check_clean_state" time="0.431" /><testcase classname="backend.tests.test_iter23_drift_monitor" name="test_drift_check_requires_superadmin" time="0.429" /><testcase classname="backend.tests.test_iter23_drift_monitor" name="test_drift_check_detects_and_resync_fixes" time="1.023" /><testcase classname="backend.tests.test_iter23_drift_monitor" name="test_drift_resync_with_no_drift_returns_zero" time="0.419" /><testcase classname="backend.tests.test_iter24_sms_test_endpoint.TestAuth" name="test_unauthenticated_returns_401" time="0.006" /><testcase classname="backend.tests.test_iter24_sms_test_endpoint.TestAuth" name="test_employee_returns_403" time="0.229" /><testcase classname="backend.tests.test_iter24_sms_test_endpoint.TestValidation" name="test_missing_to_returns_422" time="0.228" /><testcase classname="backend.tests.test_iter24_sms_test_endpoint.TestValidation" name="test_malformed_phone_returns_422" time="0.003" /><testcase classname="backend.tests.test_iter24_sms_test_endpoint.TestValidation" name="test_body_too_long_returns_422" time="0.003" /><testcase classname="backend.tests.test_iter24_sms_test_endpoint.TestHappyPath" name="test_status_reports_twilio_configured" time="0.003" /><testcase classname="backend.tests.test_iter24_sms_test_endpoint.TestHappyPath" name="test_send_test_sms_with_explicit_body" time="0.862" /><testcase classname="backend.tests.test_iter24_sms_test_endpoint.TestHappyPath" name="test_send_test_sms_with_default_body" time="0.625" /><testcase classname="backend.tests.test_iter25_demo_requests" name="test_demo_request_happy_path_persists" time="0.107" /><testcase classname="backend.tests.test_iter25_demo_requests" name="test_demo_request_phone_optional" time="0.114" /><testcase classname="backend.tests.test_iter25_demo_requests" name="test_demo_request_rejects_invalid_industry" time="0.100" /><testcase classname="backend.tests.test_iter25_demo_requests" name="test_demo_request_rejects_invalid_size" time="0.095" /><testcase classname="backend.tests.test_iter25_demo_requests" name="test_demo_request_rejects_invalid_topic" time="0.103" /><testcase classname="backend.tests.test_iter25_demo_requests" name="test_demo_request_requires_at_least_one_topic" time="0.096" /><testcase classname="backend.tests.test_iter25_demo_requests" name="test_demo_request_is_public_no_auth_required" time="0.103" /></testsuite></testsuites>