<?xml version="1.0" encoding="utf-8"?><testsuites name="pytest tests"><testsuite name="pytest" errors="0" failures="0" skipped="0" tests="18" time="2.166" timestamp="2026-05-13T22:37:15.165178+00:00" hostname="agent-env-c6187bdf-1b31-4d59-8340-4e23bea1eb04"><testcase classname="tests.test_iter13_batch.Test2FAEnforcement" name="test_super_login_without_code_returns_totp_required" time="0.226" /><testcase classname="tests.test_iter13_batch.Test2FAEnforcement" name="test_super_login_with_correct_code_succeeds" time="0.228" /><testcase classname="tests.test_iter13_batch.Test2FAEnforcement" name="test_super_login_with_invalid_code_fails" time="0.230" /><testcase classname="tests.test_iter13_batch.Test2FAEnforcement" name="test_gov_admin_does_not_require_totp" time="0.232" /><testcase classname="tests.test_iter13_batch.TestEmailCsvSms" name="test_email_sms_audit_csv" time="0.403" /><testcase classname="tests.test_iter13_batch.TestEmailCsvSms" name="test_email_sms_audit_requires_admin" time="0.002" /><testcase classname="tests.test_iter13_batch.TestEmailCsvNra" name="test_email_nra_paye_csv" time="0.217" /><testcase classname="tests.test_iter13_batch.TestEmailCsvNra" name="test_email_nra_404_on_bad_rid" time="0.005" /><testcase classname="tests.test_iter13_batch.TestPush" name="test_public_key_endpoint" time="0.003" /><testcase classname="tests.test_iter13_batch.TestPush" name="test_push_status" time="0.004" /><testcase classname="tests.test_iter13_batch.TestPush" name="test_subscribe_unsubscribe_roundtrip" time="0.011" /><testcase classname="tests.test_iter13_batch.TestPush" name="test_test_push_with_no_subscription_returns_skipped" time="0.008" /><testcase classname="tests.test_iter13_batch.TestPerformance" name="test_create_cycle_creates_review_per_active_employee" time="0.015" /><testcase classname="tests.test_iter13_batch.TestPerformance" name="test_employee_can_submit_self_assessment" time="0.242" /><testcase classname="tests.test_iter13_batch.TestPerformance" name="test_only_employee_can_submit_self" time="0.238" /><testcase classname="tests.test_iter13_batch.TestPerformance" name="test_admin_can_score_review" time="0.016" /><testcase classname="tests.test_iter13_batch.TestATSPipeline" name="test_pipeline_returns_six_stages" time="0.005" /><testcase classname="tests.test_iter13_batch.TestATSPipeline" name="test_pipeline_history_tracks_stage_changes" time="0.058" /></testsuite></testsuites>