<?xml version="1.0" encoding="utf-8"?><testsuites name="pytest tests"><testsuite name="pytest" errors="0" failures="2" skipped="0" tests="21" time="3.121" timestamp="2026-05-10T15:33:04.630530+00:00" hostname="agent-env-c6187bdf-1b31-4d59-8340-4e23bea1eb04"><testcase classname="tests.test_iter5_refactor" name="test_router_mounted[GET-/]" time="0.520" /><testcase classname="tests.test_iter5_refactor" name="test_router_mounted[GET-/auth/me]" time="0.119" /><testcase classname="tests.test_iter5_refactor" name="test_router_mounted[GET-/employees]" time="0.164" /><testcase classname="tests.test_iter5_refactor" name="test_router_mounted[GET-/payroll/runs]" time="0.112" /><testcase classname="tests.test_iter5_refactor" name="test_router_mounted[GET-/leave]" time="0.101" /><testcase classname="tests.test_iter5_refactor" name="test_router_mounted[GET-/attendance]" time="0.104" /><testcase classname="tests.test_iter5_refactor" name="test_router_mounted[GET-/dashboard/kpis]" time="0.098"><failure message="AssertionError: /dashboard/kpis → 404: {&quot;detail&quot;:&quot;Not Found&quot;}&#10;assert 404 in (200, 201)&#10; +  where 404 = &lt;Response [404]&gt;.status_code">tests/test_iter5_refactor.py:42: in test_router_mounted
    assert r.status_code in (200, 201), f"{path} → {r.status_code}: {r.text[:200]}"
E   AssertionError: /dashboard/kpis → 404: {"detail":"Not Found"}
E   assert 404 in (200, 201)
E    +  where 404 = &lt;Response [404]&gt;.status_code</failure></testcase><testcase classname="tests.test_iter5_refactor" name="test_router_mounted[GET-/audit]" time="0.122" /><testcase classname="tests.test_iter5_refactor" name="test_router_mounted[GET-/compliance/paye-bands]" time="0.114"><failure message="AssertionError: /compliance/paye-bands → 404: {&quot;detail&quot;:&quot;Not Found&quot;}&#10;assert 404 in (200, 201)&#10; +  where 404 = &lt;Response [404]&gt;.status_code">tests/test_iter5_refactor.py:42: in test_router_mounted
    assert r.status_code in (200, 201), f"{path} → {r.status_code}: {r.text[:200]}"
E   AssertionError: /compliance/paye-bands → 404: {"detail":"Not Found"}
E   assert 404 in (200, 201)
E    +  where 404 = &lt;Response [404]&gt;.status_code</failure></testcase><testcase classname="tests.test_iter5_refactor" name="test_plan_unknown_step_type_422" time="0.121" /><testcase classname="tests.test_iter5_refactor" name="test_plan_max_50_steps_cap_422" time="0.119" /><testcase classname="tests.test_iter5_refactor" name="test_plan_exactly_50_steps_accepted" time="0.138" /><testcase classname="tests.test_iter5_refactor" name="test_plan_empty_steps_422" time="0.109" /><testcase classname="tests.test_iter5_refactor" name="test_plan_payroll_run_missing_fields_422" time="0.120" /><testcase classname="tests.test_iter5_refactor" name="test_plan_leave_decision_missing_fields_422" time="0.170" /><testcase classname="tests.test_iter5_refactor" name="test_plan_attendance_log_missing_fields_422" time="0.136" /><testcase classname="tests.test_iter5_refactor" name="test_plan_payroll_run_invalid_month_422" time="0.093" /><testcase classname="tests.test_iter5_refactor" name="test_shared_run_payroll_equivalent_outputs" time="0.332" /><testcase classname="tests.test_iter5_refactor" name="test_audit_action_prefixes_distinguish_source" time="0.110" /><testcase classname="tests.test_iter5_refactor" name="test_lifespan_seed_admin_login_works" time="0.000" /><testcase classname="tests.test_iter5_refactor" name="test_root_endpoint_alive" time="0.108" /></testsuite></testsuites>