<?xml version="1.0" encoding="utf-8"?><testsuites name="pytest tests"><testsuite name="pytest" errors="0" failures="0" skipped="0" tests="10" time="4.048" timestamp="2026-07-04T02:39:43.492801+00:00" hostname="agent-env-c6187bdf-1b31-4d59-8340-4e23bea1eb04"><testcase classname="backend.tests.test_iter26_videos" name="test_list_videos_is_public_returns_seeded" time="0.227" /><testcase classname="backend.tests.test_iter26_videos" name="test_list_videos_filter_by_category" time="0.181" /><testcase classname="backend.tests.test_iter26_videos" name="test_list_videos_filter_by_persona" time="0.181" /><testcase classname="backend.tests.test_iter26_videos" name="test_get_single_video_404" time="0.101" /><testcase classname="backend.tests.test_iter26_videos" name="test_create_video_requires_superadmin" time="0.477" /><testcase classname="backend.tests.test_iter26_videos" name="test_create_video_unauthenticated_rejected" time="0.100" /><testcase classname="backend.tests.test_iter26_videos" name="test_create_video_validates_category" time="0.470" /><testcase classname="backend.tests.test_iter26_videos" name="test_create_video_validates_persona" time="0.479" /><testcase classname="backend.tests.test_iter26_videos" name="test_video_crud_lifecycle" time="0.958" /><testcase classname="backend.tests.test_iter26_videos" name="test_unpublished_video_hidden_from_public" time="0.845" /></testsuite></testsuites>