<?xml version="1.0" encoding="utf-8"?><testsuites name="pytest tests"><testsuite name="pytest" errors="0" failures="0" skipped="0" tests="14" time="8.387" timestamp="2026-06-24T20:52:43.707865+00:00" hostname="agent-env-c6187bdf-1b31-4d59-8340-4e23bea1eb04"><testcase classname="test_iter18_loans" name="test_issue_loan_auto_computes_monthly" time="0.697" /><testcase classname="test_iter18_loans" name="test_cannot_double_issue_active_loan" time="0.641" /><testcase classname="test_iter18_loans" name="test_monthly_deduction_above_50pct_of_salary_blocked" time="0.547" /><testcase classname="test_iter18_loans" name="test_schedule_projects_to_zero" time="0.652" /><testcase classname="test_iter18_loans" name="test_payroll_run_deducts_loan_idempotently" time="1.376" /><testcase classname="test_iter18_loans" name="test_employee_can_view_only_own_loans" time="0.989" /><testcase classname="test_iter18_loans" name="test_patch_cancel_then_reissue" time="0.772" /><testcase classname="test_iter18_loans" name="test_lite_tier_blocked_by_402" time="1.219" /><testcase classname="test_iter21_marketing_leads" name="test_lead_capture_creates_doc_in_db" time="0.113" /><testcase classname="test_iter21_marketing_leads" name="test_lead_capture_rejects_invalid_email" time="0.113" /><testcase classname="test_iter21_marketing_leads" name="test_lead_capture_rejects_zero_employees" time="0.102" /><testcase classname="test_iter21_marketing_leads" name="test_lead_capture_is_public_no_auth_required" time="0.124" /><testcase classname="test_iter22_feature_resync" name="test_gov_features_array_matches_tier_after_boot" time="0.329" /><testcase classname="test_iter22_feature_resync" name="test_resync_function_corrects_drift" time="0.680" /></testsuite></testsuites>