<?xml version="1.0" encoding="utf-8"?><testsuites name="pytest tests"><testsuite name="pytest" errors="0" failures="0" skipped="0" tests="8" time="1.842" timestamp="2026-06-25T01:20:59.505860+00:00" hostname="agent-env-c6187bdf-1b31-4d59-8340-4e23bea1eb04"><testcase classname="tests.test_iter24_sms_test_endpoint.TestAuth" name="test_unauthenticated_returns_401" time="0.012" /><testcase classname="tests.test_iter24_sms_test_endpoint.TestAuth" name="test_employee_returns_403" time="0.233" /><testcase classname="tests.test_iter24_sms_test_endpoint.TestValidation" name="test_missing_to_returns_422" time="0.231" /><testcase classname="tests.test_iter24_sms_test_endpoint.TestValidation" name="test_malformed_phone_returns_422" time="0.004" /><testcase classname="tests.test_iter24_sms_test_endpoint.TestValidation" name="test_body_too_long_returns_422" time="0.003" /><testcase classname="tests.test_iter24_sms_test_endpoint.TestHappyPath" name="test_status_reports_twilio_configured" time="0.003" /><testcase classname="tests.test_iter24_sms_test_endpoint.TestHappyPath" name="test_send_test_sms_with_explicit_body" time="0.716" /><testcase classname="tests.test_iter24_sms_test_endpoint.TestHappyPath" name="test_send_test_sms_with_default_body" time="0.615" /></testsuite></testsuites>