<?xml version="1.0" encoding="utf-8"?><testsuites name="pytest tests"><testsuite name="pytest" errors="0" failures="0" skipped="1" tests="102" time="13.505" timestamp="2026-05-19T03:03:38.827122+00:00" hostname="agent-env-c6187bdf-1b31-4d59-8340-4e23bea1eb04"><testcase classname="backend.tests.test_iter11_transparency.TestPublicTransparency" name="test_public_no_auth_returns_200" time="0.192" /><testcase classname="backend.tests.test_iter11_transparency.TestPublicTransparency" name="test_ministries_ranked_by_gross_desc" time="0.126" /><testcase classname="backend.tests.test_iter11_transparency.TestPublicTransparency" name="test_unknown_slug_404" time="0.104" /><testcase classname="backend.tests.test_iter11_transparency.TestPublicTransparency" name="test_privacy_invariant_no_pii" time="0.129" /><testcase classname="backend.tests.test_iter11_transparency.TestPublicTransparency" name="test_tenant_isolation_no_demo_data" time="0.163" /><testcase classname="backend.tests.test_iter11_transparency.TestAdminAuthRequired" name="test_admin_status_requires_auth" time="1.563" /><testcase classname="backend.tests.test_iter11_transparency.TestAdminAuthRequired" name="test_admin_toggle_requires_auth" time="0.117" /><testcase classname="backend.tests.test_iter11_transparency.TestAdminAuthRequired" name="test_admin_views_requires_auth" time="0.106" /><testcase classname="backend.tests.test_iter11_transparency.TestAdminStatusViews" name="test_status_gov_admin" time="0.496" /><testcase classname="backend.tests.test_iter11_transparency.TestAdminStatusViews" name="test_views_increment" time="0.456" /><testcase classname="backend.tests.test_iter11_transparency.TestToggle" name="test_slug_clash_returns_409" time="2.170" /><testcase classname="backend.tests.test_iter11_transparency.TestToggle" name="test_slug_normalisation_strips_non_alnum" time="0.209" /><testcase classname="backend.tests.test_iter11_transparency.TestToggle" name="test_demo_can_publish_own_slug_then_unpublish" time="0.530" /><testcase classname="backend.tests.test_iter12_integrations.TestIntegrationsStatus" name="test_status_returns_both_services" time="0.232" /><testcase classname="backend.tests.test_iter12_integrations.TestIntegrationsStatus" name="test_status_requires_auth" time="0.003" /><testcase classname="backend.tests.test_iter12_integrations.TestIntegrationsStatus" name="test_twilio_configured_after_env_wireup" time="0.003" /><testcase classname="backend.tests.test_iter12_integrations.TestIntegrationsStatus" name="test_resend_configured_after_env_wireup" time="0.003" /><testcase classname="backend.tests.test_iter12_integrations.TestEmailTest" name="test_send_test_email_to_resend_sandbox" time="0.236" /><testcase classname="backend.tests.test_iter12_integrations.TestEmailTest" name="test_send_test_email_rejects_bad_email" time="0.004" /><testcase classname="backend.tests.test_iter12_integrations.TestSmsStatusReflectsTwilio" name="test_payroll_sms_status_says_configured" time="0.003" /><testcase classname="backend.tests.test_iter12_integrations.TestSlugNormalisationRegression" name="test_slug_strips_non_alnum" time="0.010" /><testcase classname="backend.tests.test_iter12_integrations.TestSlugNormalisationRegression" name="test_slug_empty_after_norm_returns_400" time="0.004" /><testcase classname="backend.tests.test_iter13_batch.Test2FAEnforcement" name="test_super_login_without_code_returns_totp_required" time="0.227" /><testcase classname="backend.tests.test_iter13_batch.Test2FAEnforcement" name="test_super_login_with_correct_code_succeeds" time="0.231" /><testcase classname="backend.tests.test_iter13_batch.Test2FAEnforcement" name="test_super_login_with_invalid_code_fails" time="0.228" /><testcase classname="backend.tests.test_iter13_batch.Test2FAEnforcement" name="test_gov_admin_does_not_require_totp" time="0.230" /><testcase classname="backend.tests.test_iter13_batch.TestEmailCsvSms" name="test_email_sms_audit_csv" time="0.193" /><testcase classname="backend.tests.test_iter13_batch.TestEmailCsvSms" name="test_email_sms_audit_requires_admin" time="0.003" /><testcase classname="backend.tests.test_iter13_batch.TestEmailCsvNra" name="test_email_nra_paye_csv" time="0.272" /><testcase classname="backend.tests.test_iter13_batch.TestEmailCsvNra" name="test_email_nra_404_on_bad_rid" time="0.004" /><testcase classname="backend.tests.test_iter13_batch.TestPush" name="test_public_key_endpoint" time="0.003" /><testcase classname="backend.tests.test_iter13_batch.TestPush" name="test_push_status" time="0.003" /><testcase classname="backend.tests.test_iter13_batch.TestPush" name="test_subscribe_unsubscribe_roundtrip" time="0.010" /><testcase classname="backend.tests.test_iter13_batch.TestPush" name="test_test_push_with_no_subscription_returns_skipped" time="0.007" /><testcase classname="backend.tests.test_iter13_batch.TestPerformance" name="test_create_cycle_creates_review_per_active_employee" time="0.024" /><testcase classname="backend.tests.test_iter13_batch.TestPerformance" name="test_employee_can_submit_self_assessment" time="0.241" /><testcase classname="backend.tests.test_iter13_batch.TestPerformance" name="test_only_employee_can_submit_self" time="0.238" /><testcase classname="backend.tests.test_iter13_batch.TestPerformance" name="test_admin_can_score_review" time="0.016" /><testcase classname="backend.tests.test_iter13_batch.TestATSPipeline" name="test_pipeline_returns_six_stages" time="0.005" /><testcase classname="backend.tests.test_iter13_batch.TestATSPipeline" name="test_pipeline_history_tracks_stage_changes" time="0.037" /><testcase classname="backend.tests.test_iter14_batch.TestMagicLinkInvite" name="test_create_magic_invite_and_email_sends" time="0.443" /><testcase classname="backend.tests.test_iter14_batch.TestMagicLinkInvite" name="test_pending_invites_list" time="0.005" /><testcase classname="backend.tests.test_iter14_batch.TestMagicLinkInvite" name="test_lookup_invite_works_without_auth" time="0.194" /><testcase classname="backend.tests.test_iter14_batch.TestMagicLinkInvite" name="test_lookup_unknown_invite_returns_404" time="0.003" /><testcase classname="backend.tests.test_iter14_batch.TestMagicLinkInvite" name="test_accept_invite_sets_password_and_creates_user" time="0.660" /><testcase classname="backend.tests.test_iter14_batch.TestMagicLinkInvite" name="test_revoke_invite" time="0.170" /><testcase classname="backend.tests.test_iter14_batch.TestPerformanceAnalytics" name="test_analytics_returns_full_shape" time="0.251" /><testcase classname="backend.tests.test_iter14_batch.TestPerformanceAnalytics" name="test_analytics_reflects_at_least_one_completion" time="0.005" /><testcase classname="backend.tests.test_iter14_batch.TestPerformanceAnalytics" name="test_analytics_404_on_bad_cycle" time="0.004" /><testcase classname="backend.tests.test_iter14_batch.TestRecurringTraining" name="test_create_recurring_program_auto_sets_next_due" time="0.005" /><testcase classname="backend.tests.test_iter14_batch.TestRecurringTraining" name="test_completion_advances_next_due_at" time="0.024" /><testcase classname="backend.tests.test_iter14_batch.TestRecurringTraining" name="test_certificate_pdf_downloads" time="0.042" /><testcase classname="backend.tests.test_iter14_batch.TestRecurringTraining" name="test_certificate_404_on_bad_id" time="0.005" /><testcase classname="backend.tests.test_iter14_batch.TestRecurringTraining" name="test_employee_can_only_download_own_certificate" time="0.262" /><testcase classname="backend.tests.test_iter14_batch.TestDailyDigest" name="test_digest_module_aggregates" time="0.230" /><testcase classname="backend.tests.test_iter15_batch.TestDigestPrefs" name="test_default_prefs_push_only" time="0.236" /><testcase classname="backend.tests.test_iter15_batch.TestDigestPrefs" name="test_update_prefs_persists" time="0.009" /><testcase classname="backend.tests.test_iter15_batch.TestDigestPrefs" name="test_digest_send_respects_email_pref" time="0.009" /><testcase classname="backend.tests.test_iter15_batch.TestCertVerify" name="test_invalid_cert_returns_not_found" time="0.004" /><testcase classname="backend.tests.test_iter15_batch.TestCertVerify" name="test_valid_cert_returns_public_info" time="0.019" /><testcase classname="backend.tests.test_iter15_batch.TestCertVerify" name="test_verify_no_auth_required" time="0.018" /><testcase classname="backend.tests.test_iter15_batch.TestCertVerify" name="test_certificate_pdf_now_contains_qr" time="0.055" /><testcase classname="backend.tests.test_iter15_batch.TestRecurringTrainingTriggersReview" name="test_3_completions_trigger_auto_review" time="0.037" /><testcase classname="backend.tests.test_iter15_batch.TestRecurringTrainingTriggersReview" name="test_no_duplicate_auto_review" time="0.019" /><testcase classname="backend.tests.test_iter16_batch.TestPerformanceCyclePDF" name="test_pdf_summary_downloads" time="0.263" /><testcase classname="backend.tests.test_iter16_batch.TestPerformanceCyclePDF" name="test_pdf_404_on_bad_cycle" time="0.004" /><testcase classname="backend.tests.test_iter16_batch.TestPerformanceCyclePDF" name="test_pdf_requires_admin" time="0.244" /><testcase classname="backend.tests.test_iter16_batch.TestDigestEmailDeepLinks" name="test_email_items_helper_returns_deep_links" time="0.000" /><testcase classname="backend.tests.test_iter16_batch.TestDigestEmailDeepLinks" name="test_email_items_empty_when_clear" time="0.000" /><testcase classname="backend.tests.test_iter17_civil_service.TestGradesAndSteps" name="test_seeded_grades_present" time="0.245" /><testcase classname="backend.tests.test_iter17_civil_service.TestGradesAndSteps" name="test_create_and_delete_custom_grade" time="0.018" /><testcase classname="backend.tests.test_iter17_civil_service.TestAllowanceRules" name="test_seeded_rules" time="0.004" /><testcase classname="backend.tests.test_iter17_civil_service.TestAllowanceRules" name="test_either_flat_or_pct_not_both" time="0.003" /><testcase classname="backend.tests.test_iter17_civil_service.TestBudgetCodes" name="test_seeded_budget_codes" time="0.004" /><testcase classname="backend.tests.test_iter17_civil_service.TestBudgetCodes" name="test_unique_codes" time="0.007" /><testcase classname="backend.tests.test_iter17_civil_service.TestPayrollUsesCivilServiceConfig" name="test_slips_include_grade_and_budget" time="0.011" /><testcase classname="backend.tests.test_iter17_civil_service.TestPayrollUsesCivilServiceConfig" name="test_allowance_breakdown_applied" time="0.000" /><testcase classname="backend.tests.test_iter17_civil_service.TestPayrollUsesCivilServiceConfig" name="test_lower_grade_no_responsibility" time="0.000" /><testcase classname="backend.tests.test_iter17_civil_service.TestMoFWorkflow" name="test_submit_and_approve" time="0.010" /><testcase classname="backend.tests.test_iter17_civil_service.TestMoFWorkflow" name="test_cannot_resubmit_after_approval" time="0.004" /><testcase classname="backend.tests.test_iter17_civil_service.TestMoFWorkflow" name="test_non_approver_cannot_approve" time="0.256" /><testcase classname="backend.tests.test_iter17_civil_service.TestGhostWorkers" name="test_employee_can_acknowledge_own_payslip" time="0.005" /><testcase classname="backend.tests.test_iter17_civil_service.TestGhostWorkers" name="test_ghost_report_excludes_acked" time="0.009" /><testcase classname="backend.tests.test_iter17_civil_service.TestGhostWorkers" name="test_acknowledge_404_on_bad_run" time="0.004" /><testcase classname="backend.tests.test_iter17_civil_service.TestBudgetReport" name="test_report_groups_by_budget_code" time="0.004" /><testcase classname="backend.tests.test_iter17_civil_service.TestAuthExposesMoFFlag" name="test_gov_admin_is_mof_approver" time="0.000" /><testcase classname="backend.tests.test_iter17_civil_service.TestAuthExposesMoFFlag" name="test_employee_is_not_mof_approver" time="0.235" /><testcase classname="backend.tests.test_iter18_csv_increments.TestEmployeeProfilePatch" name="test_patch_grade_and_step_syncs_basic_salary" time="0.261" /><testcase classname="backend.tests.test_iter18_csv_increments.TestEmployeeProfilePatch" name="test_patch_invalid_grade_404" time="0.008" /><testcase classname="backend.tests.test_iter18_csv_increments.TestActings" name="test_create_list_delete" time="0.037" /><testcase classname="backend.tests.test_iter18_csv_increments.TestActings" name="test_acting_appears_in_payroll" time="0.025" /><testcase classname="backend.tests.test_iter18_csv_increments.TestReportExports" name="test_budget_csv" time="0.027" /><testcase classname="backend.tests.test_iter18_csv_increments.TestReportExports" name="test_budget_pdf" time="0.017" /><testcase classname="backend.tests.test_iter18_csv_increments.TestReportExports" name="test_budget_json_still_works" time="0.005" /><testcase classname="backend.tests.test_iter18_csv_increments.TestReportExports" name="test_ghost_csv" time="0.015" /><testcase classname="backend.tests.test_iter18_csv_increments.TestReportExports" name="test_ghost_pdf" time="0.016" /><testcase classname="backend.tests.test_iter18_csv_increments.TestReportExports" name="test_ghost_json_still_works" time="0.006" /><testcase classname="backend.tests.test_iter18_csv_increments.TestStepIncrements" name="test_dry_run_no_anniversaries_today" time="0.005" /><testcase classname="backend.tests.test_iter18_csv_increments.TestStepIncrements" name="test_dry_run_with_target_date" time="0.014" /><testcase classname="backend.tests.test_iter18_csv_increments.TestStepIncrements" name="test_apply_idempotent" time="0.004"><skipped type="pytest.skip" message="no eligible employee for apply test">/app/backend/tests/test_iter18_csv_increments.py:195: no eligible employee for apply test</skipped></testcase><testcase classname="backend.tests.test_iter18_csv_increments.TestStepIncrements" name="test_history_endpoint" time="0.004" /><testcase classname="backend.tests.test_iter18_csv_increments.TestStepIncrements" name="test_invalid_target_date_returns_400" time="0.003" /></testsuite></testsuites>