<?xml version="1.0" encoding="utf-8"?><testsuites name="pytest tests"><testsuite name="pytest" errors="0" failures="1" skipped="0" tests="13" time="3.520" timestamp="2026-05-13T21:35:58.471765+00:00" hostname="agent-env-c6187bdf-1b31-4d59-8340-4e23bea1eb04"><testcase classname="backend.tests.test_iter11_transparency.TestPublicTransparency" name="test_public_no_auth_returns_200" time="0.186" /><testcase classname="backend.tests.test_iter11_transparency.TestPublicTransparency" name="test_ministries_ranked_by_gross_desc" time="0.110" /><testcase classname="backend.tests.test_iter11_transparency.TestPublicTransparency" name="test_unknown_slug_404" time="0.116" /><testcase classname="backend.tests.test_iter11_transparency.TestPublicTransparency" name="test_privacy_invariant_no_pii" time="0.144" /><testcase classname="backend.tests.test_iter11_transparency.TestPublicTransparency" name="test_tenant_isolation_no_demo_data" time="0.108" /><testcase classname="backend.tests.test_iter11_transparency.TestAdminAuthRequired" name="test_admin_status_requires_auth" time="0.135" /><testcase classname="backend.tests.test_iter11_transparency.TestAdminAuthRequired" name="test_admin_toggle_requires_auth" time="0.146" /><testcase classname="backend.tests.test_iter11_transparency.TestAdminAuthRequired" name="test_admin_views_requires_auth" time="0.116" /><testcase classname="backend.tests.test_iter11_transparency.TestAdminStatusViews" name="test_status_gov_admin" time="0.513" /><testcase classname="backend.tests.test_iter11_transparency.TestAdminStatusViews" name="test_views_increment" time="0.578" /><testcase classname="backend.tests.test_iter11_transparency.TestToggle" name="test_slug_clash_returns_409" time="0.517" /><testcase classname="backend.tests.test_iter11_transparency.TestToggle" name="test_slug_normalisation_strips_non_alnum" time="0.148"><failure message="AssertionError: slug not normalised: 'demo-salone-test!!@@'&#10;assert None&#10; +  where None = &lt;function fullmatch at 0xf91df877cb80&gt;('[a-z0-9-]+', 'demo-salone-test!!@@')&#10; +    where &lt;function fullmatch at 0xf91df877cb80&gt; = re.fullmatch">backend/tests/test_iter11_transparency.py:174: in test_slug_normalisation_strips_non_alnum
    assert re.fullmatch(r"[a-z0-9-]+", saved), f"slug not normalised: '{saved}'"
E   AssertionError: slug not normalised: 'demo-salone-test!!@@'
E   assert None
E    +  where None = &lt;function fullmatch at 0xf91df877cb80&gt;('[a-z0-9-]+', 'demo-salone-test!!@@')
E    +    where &lt;function fullmatch at 0xf91df877cb80&gt; = re.fullmatch</failure></testcase><testcase classname="backend.tests.test_iter11_transparency.TestToggle" name="test_demo_can_publish_own_slug_then_unpublish" time="0.597" /></testsuite></testsuites>