<?xml version="1.0" encoding="utf-8"?><testsuites name="pytest tests"><testsuite name="pytest" errors="0" failures="0" skipped="0" tests="2" time="1.076" timestamp="2026-06-23T21:01:45.289439+00:00" hostname="agent-env-c6187bdf-1b31-4d59-8340-4e23bea1eb04"><testcase classname="tests.test_iter22_feature_resync" name="test_gov_features_array_matches_tier_after_boot" time="0.408" /><testcase classname="tests.test_iter22_feature_resync" name="test_resync_function_corrects_drift" time="0.655" /></testsuite></testsuites>