<?xml version="1.0" encoding="utf-8"?><testsuites name="pytest tests"><testsuite name="pytest" errors="1" failures="4" skipped="0" tests="15" time="6.330" timestamp="2026-06-23T20:52:16.372791+00:00" hostname="agent-env-c6187bdf-1b31-4d59-8340-4e23bea1eb04"><testcase classname="tests.test_iter20_presets_and_promotion" name="test_sector_catalog_returns_five_presets" time="0.508" /><testcase classname="tests.test_iter20_presets_and_promotion" name="test_apply_preset_to_employee" time="0.679" /><testcase classname="tests.test_iter20_presets_and_promotion" name="test_apply_preset_with_overrides" time="0.638" /><testcase classname="tests.test_iter20_presets_and_promotion" name="test_apply_bulk_by_ids" time="0.575" /><testcase classname="tests.test_iter20_presets_and_promotion" name="test_clear_preset" time="0.759" /><testcase classname="tests.test_iter20_presets_and_promotion" name="test_sector_allowances_flow_into_payroll" time="0.776" /><testcase classname="tests.test_iter20_presets_and_promotion" name="test_eligible_list_returns_rows" time="0.443"><failure message="assert 402 == 200&#10; +  where 402 = &lt;Response [402]&gt;.status_code">tests/test_iter20_presets_and_promotion.py:120: in test_eligible_list_returns_rows
    assert r.status_code == 200
E   assert 402 == 200
E    +  where 402 = &lt;Response [402]&gt;.status_code</failure></testcase><testcase classname="tests.test_iter20_presets_and_promotion" name="test_cannot_recommend_non_eligible" time="0.467"><failure message="KeyError: 'rows'">tests/test_iter20_presets_and_promotion.py:129: in test_cannot_recommend_non_eligible
    rows = requests.get(f"{API}/promotion/eligible", headers=gov_h).json()["rows"]
           ^^^^^^^^^^^^^^^^^^^^^^^^^^^^^^^^^^^^^^^^^^^^^^^^^^^^^^^^^^^^^^^^^^^^^^^
E   KeyError: 'rows'</failure></testcase><testcase classname="tests.test_iter20_presets_and_promotion" name="test_recommend_approve_lifecycle" time="0.453"><failure message="KeyError: 'rows'">tests/test_iter20_presets_and_promotion.py:165: in test_recommend_approve_lifecycle
    elig_row = next((r for r in requests.get(f"{API}/promotion/eligible", headers=gov_h).json()["rows"]
                                ^^^^^^^^^^^^^^^^^^^^^^^^^^^^^^^^^^^^^^^^^^^^^^^^^^^^^^^^^^^^^^^^^^^^^^^
E   KeyError: 'rows'</failure></testcase><testcase classname="tests.test_iter20_presets_and_promotion" name="test_double_pending_recommendation_blocked" time="0.445"><failure message="assert 402 == 201&#10; +  where 402 = &lt;Response [402]&gt;.status_code">tests/test_iter20_presets_and_promotion.py:209: in test_double_pending_recommendation_blocked
    assert r1.status_code == 201
E   assert 402 == 201
E    +  where 402 = &lt;Response [402]&gt;.status_code</failure></testcase><testcase classname="tests.test_iter20_presets_and_promotion" name="test_lite_tier_blocked_from_sector" time="0.106"><error message="failed on setup with &quot;KeyError: 'token'&quot;">tests/test_iter20_presets_and_promotion.py:18: in gov_h
    tok = requests.post(f"{API}/auth/login", json={"email": GOV_EMAIL, "password": GOV_PASS}).json()["token"]
          ^^^^^^^^^^^^^^^^^^^^^^^^^^^^^^^^^^^^^^^^^^^^^^^^^^^^^^^^^^^^^^^^^^^^^^^^^^^^^^^^^^^^^^^^^^^^^^^^^^^
E   KeyError: 'token'</error></testcase><testcase classname="tests.test_iter21_marketing_leads" name="test_lead_capture_creates_doc_in_db" time="0.125" /><testcase classname="tests.test_iter21_marketing_leads" name="test_lead_capture_rejects_invalid_email" time="0.088" /><testcase classname="tests.test_iter21_marketing_leads" name="test_lead_capture_rejects_zero_employees" time="0.105" /><testcase classname="tests.test_iter21_marketing_leads" name="test_lead_capture_is_public_no_auth_required" time="0.100" /></testsuite></testsuites>