<?xml version="1.0" encoding="utf-8"?><testsuites name="pytest tests"><testsuite name="pytest" errors="0" failures="3" skipped="0" tests="29" time="83.205" timestamp="2026-05-10T16:12:40.463479+00:00" hostname="agent-env-c6187bdf-1b31-4d59-8340-4e23bea1eb04"><testcase classname="tests.test_iter6_batchB.TestRegression" name="test_root" time="0.198" /><testcase classname="tests.test_iter6_batchB.TestRegression" name="test_auth_me_admin" time="0.544" /><testcase classname="tests.test_iter6_batchB.TestRegression" name="test_employees_list" time="0.103" /><testcase classname="tests.test_iter6_batchB.TestRegression" name="test_payroll_runs" time="0.114" /><testcase classname="tests.test_iter6_batchB.TestRegression" name="test_compliance" time="0.125" /><testcase classname="tests.test_iter6_batchB.TestRegression" name="test_leave_list" time="0.104" /><testcase classname="tests.test_iter6_batchB.TestRegression" name="test_attendance_list" time="0.113" /><testcase classname="tests.test_iter6_batchB.TestRegression" name="test_dashboard" time="0.113" /><testcase classname="tests.test_iter6_batchB.TestRegression" name="test_audit_logs" time="0.100"><failure message="assert 404 == 200&#10; +  where 404 = &lt;Response [404]&gt;.status_code">tests/test_iter6_batchB.py:86: in test_audit_logs
    assert r.status_code == 200
E   assert 404 == 200
E    +  where 404 = &lt;Response [404]&gt;.status_code</failure></testcase><testcase classname="tests.test_iter6_batchB.TestBenefits" name="test_seed_plans_count" time="0.112" /><testcase classname="tests.test_iter6_batchB.TestBenefits" name="test_employee_can_read_plans" time="0.448" /><testcase classname="tests.test_iter6_batchB.TestBenefits" name="test_employee_cannot_create_plan" time="0.097" /><testcase classname="tests.test_iter6_batchB.TestBenefits" name="test_admin_create_delete_cascade" time="0.744" /><testcase classname="tests.test_iter6_batchB.TestBenefits" name="test_enrollment_missing_plan_404" time="0.103" /><testcase classname="tests.test_iter6_batchB.TestBenefits" name="test_employee_self_enroll_and_scoped_list" time="0.395" /><testcase classname="tests.test_iter6_batchB.TestTalent" name="test_seed_postings" time="0.094" /><testcase classname="tests.test_iter6_batchB.TestTalent" name="test_employee_can_read_postings" time="0.105" /><testcase classname="tests.test_iter6_batchB.TestTalent" name="test_employee_cannot_create_posting" time="0.104" /><testcase classname="tests.test_iter6_batchB.TestTalent" name="test_employee_cannot_list_applicants" time="0.108" /><testcase classname="tests.test_iter6_batchB.TestTalent" name="test_full_recruitment_flow" time="0.860" /><testcase classname="tests.test_iter6_batchB.TestTalent" name="test_reviews_role_scope" time="0.328" /><testcase classname="tests.test_iter6_batchB.TestTalent" name="test_programs_seed_and_role" time="0.332" /><testcase classname="tests.test_iter6_batchB.TestTalent" name="test_employee_can_self_log_completion" time="0.338" /><testcase classname="tests.test_iter6_batchB.TestAnalytics" name="test_payroll_trend" time="0.114" /><testcase classname="tests.test_iter6_batchB.TestAnalytics" name="test_leave_usage_shape" time="0.114" /><testcase classname="tests.test_iter6_batchB.TestAnalytics" name="test_top_earners" time="0.103" /><testcase classname="tests.test_iter6_batchB.TestAnalytics" name="test_audit_activity" time="0.102" /><testcase classname="tests.test_iter6_batchB.TestRateLimit" name="test_zzz_login_rate_limit" time="1.156"><failure message="AssertionError: expected 429 on 11th, got [401, 401, 401, 401, 401, 401, 401, 401, 401, 401, 401]&#10;assert 401 == 429">tests/test_iter6_batchB.py:320: in test_zzz_login_rate_limit
    assert statuses[-1] == 429, f"expected 429 on 11th, got {statuses}"
E   AssertionError: expected 429 on 11th, got [401, 401, 401, 401, 401, 401, 401, 401, 401, 401, 401]
E   assert 401 == 429</failure></testcase><testcase classname="tests.test_iter6_batchB.TestRateLimit" name="test_zzz_chat_rate_limit" time="75.787"><failure message="AssertionError: expected 429 within 21 chat calls, got [200, 200, 200, 200, 200, 200, 200, 200, 200, 200, 200, 200, 200, 200, 200, 200, 200, 200, 200, 200, 200]&#10;assert 429 in [200, 200, 200, 200, 200, 200, ...]">tests/test_iter6_batchB.py:341: in test_zzz_chat_rate_limit
    assert 429 in statuses, f"expected 429 within 21 chat calls, got {statuses}"
E   AssertionError: expected 429 within 21 chat calls, got [200, 200, 200, 200, 200, 200, 200, 200, 200, 200, 200, 200, 200, 200, 200, 200, 200, 200, 200, 200, 200]
E   assert 429 in [200, 200, 200, 200, 200, 200, ...]</failure></testcase></testsuite></testsuites>