<?xml version="1.0" encoding="utf-8"?><testsuites name="pytest tests"><testsuite name="pytest" errors="0" failures="1" skipped="0" tests="19" time="7.175" timestamp="2026-05-10T23:28:54.316743+00:00" hostname="agent-env-c6187bdf-1b31-4d59-8340-4e23bea1eb04"><testcase classname="backend.tests.test_iter6_documents.TestManagerLeaveApproval" name="test_manager_can_approve_report_leave" time="1.310" /><testcase classname="backend.tests.test_iter6_documents.TestManagerLeaveApproval" name="test_unrelated_employee_403" time="0.248"><failure message="AssertionError: login failed for spyrateish@yahoo.com: 401 {&quot;detail&quot;:&quot;Invalid email or password&quot;}&#10;assert 401 == 200&#10; +  where 401 = &lt;Response [401]&gt;.status_code">backend/tests/test_iter6_documents.py:97: in test_unrelated_employee_403
    utok = _login(un_email, "Employee@2026")
           ^^^^^^^^^^^^^^^^^^^^^^^^^^^^^^^^^
backend/tests/test_iter6_documents.py:16: in _login
    assert r.status_code == 200, f"login failed for {email}: {r.status_code} {r.text}"
E   AssertionError: login failed for spyrateish@yahoo.com: 401 {"detail":"Invalid email or password"}
E   assert 401 == 200
E    +  where 401 = &lt;Response [401]&gt;.status_code</failure></testcase><testcase classname="backend.tests.test_iter6_documents.TestManagerLeaveApproval" name="test_admin_can_always_approve" time="0.256" /><testcase classname="backend.tests.test_iter6_documents.TestDecisionBriefPDF" name="test_pdf_returned" time="0.436" /><testcase classname="backend.tests.test_iter6_documents.TestDecisionBriefPDF" name="test_pdf_requires_at_least_2" time="0.341" /><testcase classname="backend.tests.test_iter6_documents.TestDocumentVault" name="test_upload_admin_pdf_ok" time="0.391" /><testcase classname="backend.tests.test_iter6_documents.TestDocumentVault" name="test_upload_rejects_text" time="0.105" /><testcase classname="backend.tests.test_iter6_documents.TestDocumentVault" name="test_upload_rejects_oversize" time="0.679" /><testcase classname="backend.tests.test_iter6_documents.TestDocumentVault" name="test_upload_non_admin_403" time="0.597" /><testcase classname="backend.tests.test_iter6_documents.TestDocumentVault" name="test_list_admin_all" time="0.108" /><testcase classname="backend.tests.test_iter6_documents.TestDocumentVault" name="test_list_filter_by_employee_and_category" time="0.110" /><testcase classname="backend.tests.test_iter6_documents.TestDocumentVault" name="test_list_employee_sees_only_own" time="0.105" /><testcase classname="backend.tests.test_iter6_documents.TestDocumentVault" name="test_employee_docs_other_403" time="0.226" /><testcase classname="backend.tests.test_iter6_documents.TestDocumentVault" name="test_download_byte_perfect" time="0.242" /><testcase classname="backend.tests.test_iter6_documents.TestDocumentVault" name="test_download_employee_own_ok" time="0.218" /><testcase classname="backend.tests.test_iter6_documents.TestDocumentVault" name="test_download_employee_other_403" time="0.798" /><testcase classname="backend.tests.test_iter6_documents.TestDocumentVault" name="test_stats_summary" time="0.121" /><testcase classname="backend.tests.test_iter6_documents.TestDocumentVault" name="test_soft_delete_then_404" time="0.554" /><testcase classname="backend.tests.test_iter6_documents.TestDocumentVault" name="test_delete_non_admin_403" time="0.216" /></testsuite></testsuites>