<?xml version="1.0" encoding="utf-8"?><testsuites name="pytest tests"><testsuite name="pytest" errors="0" failures="0" skipped="0" tests="20" time="10.535" timestamp="2026-05-12T20:19:49.022786+00:00" hostname="agent-env-c6187bdf-1b31-4d59-8340-4e23bea1eb04"><testcase classname="backend.tests.test_iter8_phase_abc.TestSuperAdminSeed" name="test_login_role_is_superadmin" time="0.384" /><testcase classname="backend.tests.test_iter8_phase_abc.TestSuperAdminCompanyManagement" name="test_list_companies_returns_tenants_with_counts" time="0.139" /><testcase classname="backend.tests.test_iter8_phase_abc.TestSuperAdminCompanyManagement" name="test_create_company_and_admin_can_login" time="0.864" /><testcase classname="backend.tests.test_iter8_phase_abc.TestSuperAdminCompanyManagement" name="test_patch_company_tier_changes_features" time="0.363" /><testcase classname="backend.tests.test_iter8_phase_abc.TestSuperAdminCompanyManagement" name="test_switch_company_issues_new_token_and_scopes" time="0.536" /><testcase classname="backend.tests.test_iter8_phase_abc.TestNonSuperAdminGating" name="test_bo_admin_cannot_list_companies" time="0.511" /><testcase classname="backend.tests.test_iter8_phase_abc.TestNonSuperAdminGating" name="test_gov_admin_cannot_switch_company" time="2.430" /><testcase classname="backend.tests.test_iter8_phase_abc.TestUsersRouter" name="test_list_users_is_tenant_scoped" time="0.152" /><testcase classname="backend.tests.test_iter8_phase_abc.TestUsersRouter" name="test_invite_then_duplicate_then_reset_then_delete" time="1.475" /><testcase classname="backend.tests.test_iter8_phase_abc.TestUsersRouter" name="test_reset_password_on_superadmin_target_is_403" time="0.363" /><testcase classname="backend.tests.test_iter8_phase_abc.TestUsersRouter" name="test_delete_self_returns_400" time="0.255" /><testcase classname="backend.tests.test_iter8_phase_abc.TestUsersRouter" name="test_unlinked_employees" time="0.148" /><testcase classname="backend.tests.test_iter8_phase_abc.TestGovTenantSeed" name="test_gov_admin_login_and_tier" time="0.000" /><testcase classname="backend.tests.test_iter8_phase_abc.TestGovTenantSeed" name="test_gov_has_six_employees" time="0.132" /><testcase classname="backend.tests.test_iter8_phase_abc.TestTwilioSms" name="test_sms_status_returns_not_configured" time="0.129" /><testcase classname="backend.tests.test_iter8_phase_abc.TestTwilioSms" name="test_demo_salone_send_sms_is_402" time="0.558" /><testcase classname="backend.tests.test_iter8_phase_abc.TestTwilioSms" name="test_gov_send_sms_dry_run_succeeds" time="0.246" /><testcase classname="backend.tests.test_iter8_phase_abc.TestTwilioSms" name="test_sms_logs_are_tenant_scoped" time="0.278" /><testcase classname="backend.tests.test_iter8_phase_abc.TestPhaseARegression" name="test_payroll_run_and_bank_file" time="0.528" /><testcase classname="backend.tests.test_iter8_phase_abc.TestPhaseARegression" name="test_documents_upload_download_delete" time="0.936" /></testsuite></testsuites>