<?xml version="1.0" encoding="utf-8"?><testsuites name="pytest tests"><testsuite name="pytest" errors="0" failures="0" skipped="0" tests="13" time="4.019" timestamp="2026-05-12T21:45:48.270769+00:00" hostname="agent-env-c6187bdf-1b31-4d59-8340-4e23bea1eb04"><testcase classname="backend.tests.test_iter10_nra_filing.TestNRAPayeReturnCSV" name="test_gov_returns_csv" time="0.960" /><testcase classname="backend.tests.test_iter10_nra_filing.TestNRAPayeReturnCSV" name="test_demo_blocked_402" time="0.742" /><testcase classname="backend.tests.test_iter10_nra_filing.TestNassitScheduleCSV" name="test_gov_returns_csv" time="0.187" /><testcase classname="backend.tests.test_iter10_nra_filing.TestNassitScheduleCSV" name="test_demo_blocked_402" time="0.143" /><testcase classname="backend.tests.test_iter10_nra_filing.TestMarkNRAFiled" name="test_mark_filed_flow_and_conflict" time="0.333" /><testcase classname="backend.tests.test_iter10_nra_filing.TestMarkNRAFiled" name="test_demo_blocked_402" time="0.151" /><testcase classname="backend.tests.test_iter10_nra_filing.TestComplianceSummary" name="test_summary_shape" time="0.144" /><testcase classname="backend.tests.test_iter10_nra_filing.TestComplianceSummary" name="test_filed_count_reflects_filing" time="0.136" /><testcase classname="backend.tests.test_iter10_nra_filing.TestTenantIsolation" name="test_filings_list_gov_only" time="0.339" /><testcase classname="backend.tests.test_iter10_nra_filing.TestTenantIsolation" name="test_filings_list_demo_no_gov_data" time="0.278" /><testcase classname="backend.tests.test_iter10_nra_filing.TestPWAIcons" name="test_icon_served[/icon-192.png-500]" time="0.134" /><testcase classname="backend.tests.test_iter10_nra_filing.TestPWAIcons" name="test_icon_served[/icon-512.png-500]" time="0.140" /><testcase classname="backend.tests.test_iter10_nra_filing.TestPWAIcons" name="test_manifest_references_icons" time="0.143" /></testsuite></testsuites>