<?xml version="1.0" encoding="utf-8"?><testsuites name="pytest tests"><testsuite name="pytest" errors="0" failures="0" skipped="0" tests="11" time="13.739" timestamp="2026-05-10T15:17:37.339849+00:00" hostname="agent-env-c6187bdf-1b31-4d59-8340-4e23bea1eb04"><testcase classname="backend.tests.test_iter4_action_mode" name="test_assistant_context_includes_id_prefix" time="0.495" /><testcase classname="backend.tests.test_iter4_action_mode" name="test_assistant_context_employee_forbidden" time="0.465" /><testcase classname="backend.tests.test_iter4_action_mode" name="test_assistant_chat_action_mode_admin" time="4.576" /><testcase classname="backend.tests.test_iter4_action_mode" name="test_assistant_chat_action_mode_employee_plan_null" time="6.353" /><testcase classname="backend.tests.test_iter4_action_mode" name="test_execute_plan_admin_multi_step" time="0.567" /><testcase classname="backend.tests.test_iter4_action_mode" name="test_execute_plan_employee_forbidden" time="0.099" /><testcase classname="backend.tests.test_iter4_action_mode" name="test_execute_plan_empty_steps_400" time="0.125" /><testcase classname="backend.tests.test_iter4_action_mode" name="test_execute_plan_unknown_step_skipped" time="0.107" /><testcase classname="backend.tests.test_iter4_action_mode" name="test_execute_plan_step_error_isolated" time="0.108" /><testcase classname="backend.tests.test_iter4_action_mode" name="test_bank_file_csv_proper_escaping" time="0.453" /><testcase classname="backend.tests.test_iter4_action_mode" name="test_bank_file_employee_forbidden" time="0.213" /></testsuite></testsuites>