<?xml version="1.0" encoding="utf-8"?><testsuites name="pytest tests"><testsuite name="pytest" errors="0" failures="0" skipped="0" tests="38" time="93.101" timestamp="2026-06-24T21:54:47.612936+00:00" hostname="agent-env-c6187bdf-1b31-4d59-8340-4e23bea1eb04"><testcase classname="tests.test_iter18_loans" name="test_issue_loan_auto_computes_monthly" time="0.628" /><testcase classname="tests.test_iter18_loans" name="test_cannot_double_issue_active_loan" time="0.703" /><testcase classname="tests.test_iter18_loans" name="test_monthly_deduction_above_50pct_of_salary_blocked" time="0.541" /><testcase classname="tests.test_iter18_loans" name="test_schedule_projects_to_zero" time="0.663" /><testcase classname="tests.test_iter18_loans" name="test_payroll_run_deducts_loan_idempotently" time="1.398" /><testcase classname="tests.test_iter18_loans" name="test_employee_can_view_only_own_loans" time="0.957" /><testcase classname="tests.test_iter18_loans" name="test_patch_cancel_then_reissue" time="0.789" /><testcase classname="tests.test_iter18_loans" name="test_lite_tier_blocked_by_402" time="1.218" /><testcase classname="tests.test_iter19_billing" name="test_plan_catalog_public" time="0.135" /><testcase classname="tests.test_iter19_billing" name="test_me_returns_subscription_shape" time="0.439" /><testcase classname="tests.test_iter19_billing" name="test_bank_invoice_lifecycle" time="0.952" /><testcase classname="tests.test_iter19_billing" name="test_only_superadmin_can_mark_paid" time="0.543" /><testcase classname="tests.test_iter19_billing" name="test_double_open_invoice_blocked" time="0.576" /><testcase classname="tests.test_iter19_billing" name="test_per_employee_surcharge" time="0.751" /><testcase classname="tests.test_iter19_billing" name="test_invoices_list_admin_only" time="0.906" /><testcase classname="tests.test_iter19_billing" name="test_stripe_checkout_creates_session_with_test_key" time="1.025" /><testcase classname="tests.test_iter19_billing" name="test_unauthenticated_blocked" time="0.106" /><testcase classname="tests.test_iter20_presets_and_promotion" name="test_sector_catalog_returns_five_presets" time="0.439" /><testcase classname="tests.test_iter20_presets_and_promotion" name="test_apply_preset_to_employee" time="0.652" /><testcase classname="tests.test_iter20_presets_and_promotion" name="test_apply_preset_with_overrides" time="0.682" /><testcase classname="tests.test_iter20_presets_and_promotion" name="test_apply_bulk_by_ids" time="0.558" /><testcase classname="tests.test_iter20_presets_and_promotion" name="test_clear_preset" time="0.747" /><testcase classname="tests.test_iter20_presets_and_promotion" name="test_sector_allowances_flow_into_payroll" time="0.762" /><testcase classname="tests.test_iter20_presets_and_promotion" name="test_eligible_list_returns_rows" time="0.451" /><testcase classname="tests.test_iter20_presets_and_promotion" name="test_cannot_recommend_non_eligible" time="0.565" /><testcase classname="tests.test_iter20_presets_and_promotion" name="test_recommend_approve_lifecycle" time="0.718" /><testcase classname="tests.test_iter20_presets_and_promotion" name="test_double_pending_recommendation_blocked" time="68.725" /><testcase classname="tests.test_iter20_presets_and_promotion" name="test_lite_tier_blocked_from_sector" time="1.529" /><testcase classname="tests.test_iter21_marketing_leads" name="test_lead_capture_creates_doc_in_db" time="0.145" /><testcase classname="tests.test_iter21_marketing_leads" name="test_lead_capture_rejects_invalid_email" time="0.112" /><testcase classname="tests.test_iter21_marketing_leads" name="test_lead_capture_rejects_zero_employees" time="0.129" /><testcase classname="tests.test_iter21_marketing_leads" name="test_lead_capture_is_public_no_auth_required" time="0.125" /><testcase classname="tests.test_iter22_feature_resync" name="test_gov_features_array_matches_tier_after_boot" time="0.343" /><testcase classname="tests.test_iter22_feature_resync" name="test_resync_function_corrects_drift" time="0.644" /><testcase classname="tests.test_iter23_drift_monitor" name="test_drift_check_clean_state" time="0.443" /><testcase classname="tests.test_iter23_drift_monitor" name="test_drift_check_requires_superadmin" time="0.426" /><testcase classname="tests.test_iter23_drift_monitor" name="test_drift_check_detects_and_resync_fixes" time="2.097" /><testcase classname="tests.test_iter23_drift_monitor" name="test_drift_resync_with_no_drift_returns_zero" time="0.430" /></testsuite></testsuites>