<?xml version="1.0" encoding="utf-8"?><testsuites name="pytest tests"><testsuite name="pytest" errors="0" failures="0" skipped="0" tests="4" time="1.624" timestamp="2026-05-19T03:05:38.846700+00:00" hostname="agent-env-c6187bdf-1b31-4d59-8340-4e23bea1eb04"><testcase classname="backend.tests.test_iter14_refactors.TestMinistryRollupRefactor" name="test_rollup_shape_and_totals" time="0.628" /><testcase classname="backend.tests.test_iter14_refactors.TestPerformanceAnalyticsRefactor" name="test_analytics_shape" time="0.255" /><testcase classname="backend.tests.test_iter14_refactors.TestPerformanceAnalyticsRefactor" name="test_summary_pdf_renders" time="0.144" /><testcase classname="backend.tests.test_iter14_refactors.TestTalentCertificateRefactor" name="test_certificate_pdf_contains_qr_and_sections" time="0.564" /></testsuite></testsuites>