<?xml version="1.0" encoding="utf-8"?><testsuites name="pytest tests"><testsuite name="pytest" errors="3" failures="0" skipped="0" tests="17" time="9.845" timestamp="2026-06-23T21:02:11.472963+00:00" hostname="agent-env-c6187bdf-1b31-4d59-8340-4e23bea1eb04"><testcase classname="tests.test_iter18_loans" name="test_issue_loan_auto_computes_monthly" time="0.571" /><testcase classname="tests.test_iter18_loans" name="test_cannot_double_issue_active_loan" time="0.654" /><testcase classname="tests.test_iter18_loans" name="test_monthly_deduction_above_50pct_of_salary_blocked" time="0.552" /><testcase classname="tests.test_iter18_loans" name="test_schedule_projects_to_zero" time="0.635" /><testcase classname="tests.test_iter18_loans" name="test_payroll_run_deducts_loan_idempotently" time="1.401" /><testcase classname="tests.test_iter18_loans" name="test_employee_can_view_only_own_loans" time="0.963" /><testcase classname="tests.test_iter18_loans" name="test_patch_cancel_then_reissue" time="0.769" /><testcase classname="tests.test_iter18_loans" name="test_lite_tier_blocked_by_402" time="1.207" /><testcase classname="tests.test_iter19_billing" name="test_plan_catalog_public" time="0.101" /><testcase classname="tests.test_iter19_billing" name="test_me_returns_subscription_shape" time="0.430" /><testcase classname="tests.test_iter19_billing" name="test_bank_invoice_lifecycle" time="0.990" /><testcase classname="tests.test_iter19_billing" name="test_only_superadmin_can_mark_paid" time="0.538" /><testcase classname="tests.test_iter19_billing" name="test_double_open_invoice_blocked" time="0.551" /><testcase classname="tests.test_iter19_billing" name="test_per_employee_surcharge" time="0.104"><error message="failed on setup with &quot;KeyError: 'token'&quot;">tests/test_iter19_billing.py:25: in gov_h
    tok = requests.post(f"{API}/auth/login", json={"email": GOV_EMAIL, "password": GOV_PASS}).json()["token"]
          ^^^^^^^^^^^^^^^^^^^^^^^^^^^^^^^^^^^^^^^^^^^^^^^^^^^^^^^^^^^^^^^^^^^^^^^^^^^^^^^^^^^^^^^^^^^^^^^^^^^
E   KeyError: 'token'</error></testcase><testcase classname="tests.test_iter19_billing" name="test_invoices_list_admin_only" time="0.109"><error message="failed on setup with &quot;KeyError: 'token'&quot;">tests/test_iter19_billing.py:25: in gov_h
    tok = requests.post(f"{API}/auth/login", json={"email": GOV_EMAIL, "password": GOV_PASS}).json()["token"]
          ^^^^^^^^^^^^^^^^^^^^^^^^^^^^^^^^^^^^^^^^^^^^^^^^^^^^^^^^^^^^^^^^^^^^^^^^^^^^^^^^^^^^^^^^^^^^^^^^^^^
E   KeyError: 'token'</error></testcase><testcase classname="tests.test_iter19_billing" name="test_stripe_checkout_creates_session_with_test_key" time="0.103"><error message="failed on setup with &quot;KeyError: 'token'&quot;">tests/test_iter19_billing.py:25: in gov_h
    tok = requests.post(f"{API}/auth/login", json={"email": GOV_EMAIL, "password": GOV_PASS}).json()["token"]
          ^^^^^^^^^^^^^^^^^^^^^^^^^^^^^^^^^^^^^^^^^^^^^^^^^^^^^^^^^^^^^^^^^^^^^^^^^^^^^^^^^^^^^^^^^^^^^^^^^^^
E   KeyError: 'token'</error></testcase><testcase classname="tests.test_iter19_billing" name="test_unauthenticated_blocked" time="0.113" /></testsuite></testsuites>