<?xml version="1.0" encoding="utf-8"?><testsuites name="pytest tests"><testsuite name="pytest" errors="2" failures="17" skipped="2" tests="284" time="290.768" timestamp="2026-05-19T02:58:38.994342+00:00" hostname="agent-env-c6187bdf-1b31-4d59-8340-4e23bea1eb04"><testcase classname="backend.tests.test_iter10_nra_filing.TestNRAPayeReturnCSV" name="test_gov_returns_csv" time="0.787" /><testcase classname="backend.tests.test_iter10_nra_filing.TestNRAPayeReturnCSV" name="test_demo_blocked_402" time="1.760" /><testcase classname="backend.tests.test_iter10_nra_filing.TestNassitScheduleCSV" name="test_gov_returns_csv" time="0.137" /><testcase classname="backend.tests.test_iter10_nra_filing.TestNassitScheduleCSV" name="test_demo_blocked_402" time="0.132" /><testcase classname="backend.tests.test_iter10_nra_filing.TestMarkNRAFiled" name="test_mark_filed_flow_and_conflict" time="0.124"><failure message="AssertionError: assert 3 == 2&#10; +  where 3 = &lt;built-in method count of str object at 0xfac2e8a13e60&gt;('-')&#10; +    where &lt;built-in method count of str object at 0xfac2e8a13e60&gt; = 'NRA-2026-04-C6584F44'.count">backend/tests/test_iter10_nra_filing.py:128: in test_mark_filed_flow_and_conflict
    assert data["nra_reference"].count("-") == 2  # NRA-{period}-{prefix}
    ^^^^^^^^^^^^^^^^^^^^^^^^^^^^^^^^^^^^^^^^^^^^
E   AssertionError: assert 3 == 2
E    +  where 3 = &lt;built-in method count of str object at 0xfac2e8a13e60&gt;('-')
E    +    where &lt;built-in method count of str object at 0xfac2e8a13e60&gt; = 'NRA-2026-04-C6584F44'.count</failure></testcase><testcase classname="backend.tests.test_iter10_nra_filing.TestMarkNRAFiled" name="test_demo_blocked_402" time="0.146" /><testcase classname="backend.tests.test_iter10_nra_filing.TestComplianceSummary" name="test_summary_shape" time="0.135" /><testcase classname="backend.tests.test_iter10_nra_filing.TestComplianceSummary" name="test_filed_count_reflects_filing" time="0.118" /><testcase classname="backend.tests.test_iter10_nra_filing.TestTenantIsolation" name="test_filings_list_gov_only" time="0.268" /><testcase classname="backend.tests.test_iter10_nra_filing.TestTenantIsolation" name="test_filings_list_demo_no_gov_data" time="0.321" /><testcase classname="backend.tests.test_iter10_nra_filing.TestPWAIcons" name="test_icon_served[/icon-192.png-500]" time="0.122" /><testcase classname="backend.tests.test_iter10_nra_filing.TestPWAIcons" name="test_icon_served[/icon-512.png-500]" time="0.106" /><testcase classname="backend.tests.test_iter10_nra_filing.TestPWAIcons" name="test_manifest_references_icons" time="0.429" /><testcase classname="backend.tests.test_iter11_transparency.TestPublicTransparency" name="test_public_no_auth_returns_200" time="0.120" /><testcase classname="backend.tests.test_iter11_transparency.TestPublicTransparency" name="test_ministries_ranked_by_gross_desc" time="1.985" /><testcase classname="backend.tests.test_iter11_transparency.TestPublicTransparency" name="test_unknown_slug_404" time="0.158" /><testcase classname="backend.tests.test_iter11_transparency.TestPublicTransparency" name="test_privacy_invariant_no_pii" time="0.127" /><testcase classname="backend.tests.test_iter11_transparency.TestPublicTransparency" name="test_tenant_isolation_no_demo_data" time="0.115" /><testcase classname="backend.tests.test_iter11_transparency.TestAdminAuthRequired" name="test_admin_status_requires_auth" time="0.135" /><testcase classname="backend.tests.test_iter11_transparency.TestAdminAuthRequired" name="test_admin_toggle_requires_auth" time="0.111" /><testcase classname="backend.tests.test_iter11_transparency.TestAdminAuthRequired" name="test_admin_views_requires_auth" time="1.442" /><testcase classname="backend.tests.test_iter11_transparency.TestAdminStatusViews" name="test_status_gov_admin" time="0.136"><error message="failed on setup with &quot;AssertionError: Login failed: 502 &#10;  &lt;html&gt;&lt;head&gt;&#10;  &lt;meta http-equiv=&quot;content-type&quot; content=&quot;text/html;charset=utf-8&quot;&gt;&#10;  &lt;title&gt;502 Server Error&lt;/title&gt;&#10;  &lt;/head&gt;&#10;  &lt;body text=#000000 bgcolor=#ffffff&gt;&#10;  &lt;h1&gt;Error: Server Error&lt;/h1&gt;&#10;  &lt;h2&gt;The server encountered a temporary error and could not complete your request.&lt;p&gt;Please try again in 30 seconds.&lt;/h2&gt;&#10;  &lt;h2&gt;&lt;/h2&gt;&#10;  &lt;script&gt;(function(){function c(){var b=a.contentDocument||a.contentWindow.document;if(b){var d=b.createElement('script');d.innerHTML=&quot;window.__CF$cv$params={r:'9fdfd78a1a178f51',t:'MTc3OTE1OTUyOA=='};var a=document.createElement('script');a.src='/cdn-cgi/challenge-platform/scripts/jsd/main.js';document.getElementsByTagName('head')[0].appendChild(a);&quot;;b.getElementsByTagName('head')[0].appendChild(d)}}if(document.body){var a=document.createElement('iframe');a.height=1;a.width=1;a.style.position='absolute';a.style.top=0;a.style.left=0;a.style.border='none';a.style.visibility='hidden';document.body.appendChild(a);if('loading'!==document.readyState)c();else if(window.addEventListener)document.addEventListener('DOMContentLoaded',c);else{var e=document.onreadystatechange||function(){};document.onreadystatechange=function(b){e(b);'loading'!==document.readyState&amp;&amp;(document.onreadystatechange=e,c())}}}})();&lt;/script&gt;&lt;/body&gt;&lt;/html&gt;&#10;  &#10;assert 502 == 200&#10; +  where 502 = &lt;Response [502]&gt;.status_code&quot;">backend/tests/test_iter11_transparency.py:23: in gov_token
    return _login(GOV)
           ^^^^^^^^^^^
backend/tests/test_iter11_transparency.py:17: in _login
    assert r.status_code == 200, f"Login failed: {r.status_code} {r.text}"
E   AssertionError: Login failed: 502 
E     &lt;html&gt;&lt;head&gt;
E     &lt;meta http-equiv="content-type" content="text/html;charset=utf-8"&gt;
E     &lt;title&gt;502 Server Error&lt;/title&gt;
E     &lt;/head&gt;
E     &lt;body text=#000000 bgcolor=#ffffff&gt;
E     &lt;h1&gt;Error: Server Error&lt;/h1&gt;
E     &lt;h2&gt;The server encountered a temporary error and could not complete your request.&lt;p&gt;Please try again in 30 seconds.&lt;/h2&gt;
E     &lt;h2&gt;&lt;/h2&gt;
E     &lt;script&gt;(function(){function c(){var b=a.contentDocument||a.contentWindow.document;if(b){var d=b.createElement('script');d.innerHTML="window.__CF$cv$params={r:'9fdfd78a1a178f51',t:'MTc3OTE1OTUyOA=='};var a=document.createElement('script');a.src='/cdn-cgi/challenge-platform/scripts/jsd/main.js';document.getElementsByTagName('head')[0].appendChild(a);";b.getElementsByTagName('head')[0].appendChild(d)}}if(document.body){var a=document.createElement('iframe');a.height=1;a.width=1;a.style.position='absolute';a.style.top=0;a.style.left=0;a.style.border='none';a.style.visibility='hidden';document.body.appendChild(a);if('loading'!==document.readyState)c();else if(window.addEventListener)document.addEventListener('DOMContentLoaded',c);else{var e=document.onreadystatechange||function(){};document.onreadystatechange=function(b){e(b);'loading'!==document.readyState&amp;&amp;(document.onreadystatechange=e,c())}}}})();&lt;/script&gt;&lt;/body&gt;&lt;/html&gt;
E     
E   assert 502 == 200
E    +  where 502 = &lt;Response [502]&gt;.status_code</error></testcase><testcase classname="backend.tests.test_iter11_transparency.TestAdminStatusViews" name="test_views_increment" time="0.000"><error message="failed on setup with &quot;AssertionError: Login failed: 502 &#10;  &lt;html&gt;&lt;head&gt;&#10;  &lt;meta http-equiv=&quot;content-type&quot; content=&quot;text/html;charset=utf-8&quot;&gt;&#10;  &lt;title&gt;502 Server Error&lt;/title&gt;&#10;  &lt;/head&gt;&#10;  &lt;body text=#000000 bgcolor=#ffffff&gt;&#10;  &lt;h1&gt;Error: Server Error&lt;/h1&gt;&#10;  &lt;h2&gt;The server encountered a temporary error and could not complete your request.&lt;p&gt;Please try again in 30 seconds.&lt;/h2&gt;&#10;  &lt;h2&gt;&lt;/h2&gt;&#10;  &lt;script&gt;(function(){function c(){var b=a.contentDocument||a.contentWindow.document;if(b){var d=b.createElement('script');d.innerHTML=&quot;window.__CF$cv$params={r:'9fdfd78a1a178f51',t:'MTc3OTE1OTUyOA=='};var a=document.createElement('script');a.src='/cdn-cgi/challenge-platform/scripts/jsd/main.js';document.getElementsByTagName('head')[0].appendChild(a);&quot;;b.getElementsByTagName('head')[0].appendChild(d)}}if(document.body){var a=document.createElement('iframe');a.height=1;a.width=1;a.style.position='absolute';a.style.top=0;a.style.left=0;a.style.border='none';a.style.visibility='hidden';document.body.appendChild(a);if('loading'!==document.readyState)c();else if(window.addEventListener)document.addEventListener('DOMContentLoaded',c);else{var e=document.onreadystatechange||function(){};document.onreadystatechange=function(b){e(b);'loading'!==document.readyState&amp;&amp;(document.onreadystatechange=e,c())}}}})();&lt;/script&gt;&lt;/body&gt;&lt;/html&gt;&#10;  &#10;assert 502 == 200&#10; +  where 502 = &lt;Response [502]&gt;.status_code&quot;">backend/tests/test_iter11_transparency.py:23: in gov_token
    return _login(GOV)
           ^^^^^^^^^^^
backend/tests/test_iter11_transparency.py:17: in _login
    assert r.status_code == 200, f"Login failed: {r.status_code} {r.text}"
E   AssertionError: Login failed: 502 
E     &lt;html&gt;&lt;head&gt;
E     &lt;meta http-equiv="content-type" content="text/html;charset=utf-8"&gt;
E     &lt;title&gt;502 Server Error&lt;/title&gt;
E     &lt;/head&gt;
E     &lt;body text=#000000 bgcolor=#ffffff&gt;
E     &lt;h1&gt;Error: Server Error&lt;/h1&gt;
E     &lt;h2&gt;The server encountered a temporary error and could not complete your request.&lt;p&gt;Please try again in 30 seconds.&lt;/h2&gt;
E     &lt;h2&gt;&lt;/h2&gt;
E     &lt;script&gt;(function(){function c(){var b=a.contentDocument||a.contentWindow.document;if(b){var d=b.createElement('script');d.innerHTML="window.__CF$cv$params={r:'9fdfd78a1a178f51',t:'MTc3OTE1OTUyOA=='};var a=document.createElement('script');a.src='/cdn-cgi/challenge-platform/scripts/jsd/main.js';document.getElementsByTagName('head')[0].appendChild(a);";b.getElementsByTagName('head')[0].appendChild(d)}}if(document.body){var a=document.createElement('iframe');a.height=1;a.width=1;a.style.position='absolute';a.style.top=0;a.style.left=0;a.style.border='none';a.style.visibility='hidden';document.body.appendChild(a);if('loading'!==document.readyState)c();else if(window.addEventListener)document.addEventListener('DOMContentLoaded',c);else{var e=document.onreadystatechange||function(){};document.onreadystatechange=function(b){e(b);'loading'!==document.readyState&amp;&amp;(document.onreadystatechange=e,c())}}}})();&lt;/script&gt;&lt;/body&gt;&lt;/html&gt;
E     
E   assert 502 == 200
E    +  where 502 = &lt;Response [502]&gt;.status_code</error></testcase><testcase classname="backend.tests.test_iter11_transparency.TestToggle" name="test_slug_clash_returns_409" time="6.213" /><testcase classname="backend.tests.test_iter11_transparency.TestToggle" name="test_slug_normalisation_strips_non_alnum" time="9.741" /><testcase classname="backend.tests.test_iter11_transparency.TestToggle" name="test_demo_can_publish_own_slug_then_unpublish" time="0.641" /><testcase classname="backend.tests.test_iter12_integrations.TestIntegrationsStatus" name="test_status_returns_both_services" time="0.232" /><testcase classname="backend.tests.test_iter12_integrations.TestIntegrationsStatus" name="test_status_requires_auth" time="0.002" /><testcase classname="backend.tests.test_iter12_integrations.TestIntegrationsStatus" name="test_twilio_configured_after_env_wireup" time="0.003" /><testcase classname="backend.tests.test_iter12_integrations.TestIntegrationsStatus" name="test_resend_configured_after_env_wireup" time="0.003" /><testcase classname="backend.tests.test_iter12_integrations.TestEmailTest" name="test_send_test_email_to_resend_sandbox" time="0.288" /><testcase classname="backend.tests.test_iter12_integrations.TestEmailTest" name="test_send_test_email_rejects_bad_email" time="0.004" /><testcase classname="backend.tests.test_iter12_integrations.TestSmsStatusReflectsTwilio" name="test_payroll_sms_status_says_configured" time="0.004" /><testcase classname="backend.tests.test_iter12_integrations.TestSlugNormalisationRegression" name="test_slug_strips_non_alnum" time="0.013" /><testcase classname="backend.tests.test_iter12_integrations.TestSlugNormalisationRegression" name="test_slug_empty_after_norm_returns_400" time="0.004" /><testcase classname="backend.tests.test_iter13_batch.Test2FAEnforcement" name="test_super_login_without_code_returns_totp_required" time="0.226" /><testcase classname="backend.tests.test_iter13_batch.Test2FAEnforcement" name="test_super_login_with_correct_code_succeeds" time="0.231" /><testcase classname="backend.tests.test_iter13_batch.Test2FAEnforcement" name="test_super_login_with_invalid_code_fails" time="0.229" /><testcase classname="backend.tests.test_iter13_batch.Test2FAEnforcement" name="test_gov_admin_does_not_require_totp" time="0.264" /><testcase classname="backend.tests.test_iter13_batch.TestEmailCsvSms" name="test_email_sms_audit_csv" time="0.218" /><testcase classname="backend.tests.test_iter13_batch.TestEmailCsvSms" name="test_email_sms_audit_requires_admin" time="0.004" /><testcase classname="backend.tests.test_iter13_batch.TestEmailCsvNra" name="test_email_nra_paye_csv" time="0.221" /><testcase classname="backend.tests.test_iter13_batch.TestEmailCsvNra" name="test_email_nra_404_on_bad_rid" time="0.004" /><testcase classname="backend.tests.test_iter13_batch.TestPush" name="test_public_key_endpoint" time="0.003" /><testcase classname="backend.tests.test_iter13_batch.TestPush" name="test_push_status" time="0.004" /><testcase classname="backend.tests.test_iter13_batch.TestPush" name="test_subscribe_unsubscribe_roundtrip" time="0.011" /><testcase classname="backend.tests.test_iter13_batch.TestPush" name="test_test_push_with_no_subscription_returns_skipped" time="0.008" /><testcase classname="backend.tests.test_iter13_batch.TestPerformance" name="test_create_cycle_creates_review_per_active_employee" time="0.023" /><testcase classname="backend.tests.test_iter13_batch.TestPerformance" name="test_employee_can_submit_self_assessment" time="0.250" /><testcase classname="backend.tests.test_iter13_batch.TestPerformance" name="test_only_employee_can_submit_self" time="0.244" /><testcase classname="backend.tests.test_iter13_batch.TestPerformance" name="test_admin_can_score_review" time="0.014" /><testcase classname="backend.tests.test_iter13_batch.TestATSPipeline" name="test_pipeline_returns_six_stages" time="0.004" /><testcase classname="backend.tests.test_iter13_batch.TestATSPipeline" name="test_pipeline_history_tracks_stage_changes" time="0.035" /><testcase classname="backend.tests.test_iter14_batch.TestMagicLinkInvite" name="test_create_magic_invite_and_email_sends" time="0.431" /><testcase classname="backend.tests.test_iter14_batch.TestMagicLinkInvite" name="test_pending_invites_list" time="0.005" /><testcase classname="backend.tests.test_iter14_batch.TestMagicLinkInvite" name="test_lookup_invite_works_without_auth" time="0.195" /><testcase classname="backend.tests.test_iter14_batch.TestMagicLinkInvite" name="test_lookup_unknown_invite_returns_404" time="0.004" /><testcase classname="backend.tests.test_iter14_batch.TestMagicLinkInvite" name="test_accept_invite_sets_password_and_creates_user" time="0.664" /><testcase classname="backend.tests.test_iter14_batch.TestMagicLinkInvite" name="test_revoke_invite" time="0.186" /><testcase classname="backend.tests.test_iter14_batch.TestPerformanceAnalytics" name="test_analytics_returns_full_shape" time="0.256" /><testcase classname="backend.tests.test_iter14_batch.TestPerformanceAnalytics" name="test_analytics_reflects_at_least_one_completion" time="0.005" /><testcase classname="backend.tests.test_iter14_batch.TestPerformanceAnalytics" name="test_analytics_404_on_bad_cycle" time="0.004" /><testcase classname="backend.tests.test_iter14_batch.TestRecurringTraining" name="test_create_recurring_program_auto_sets_next_due" time="0.005" /><testcase classname="backend.tests.test_iter14_batch.TestRecurringTraining" name="test_completion_advances_next_due_at" time="0.021" /><testcase classname="backend.tests.test_iter14_batch.TestRecurringTraining" name="test_certificate_pdf_downloads" time="0.054" /><testcase classname="backend.tests.test_iter14_batch.TestRecurringTraining" name="test_certificate_404_on_bad_id" time="0.005" /><testcase classname="backend.tests.test_iter14_batch.TestRecurringTraining" name="test_employee_can_only_download_own_certificate" time="0.268" /><testcase classname="backend.tests.test_iter14_batch.TestDailyDigest" name="test_digest_module_aggregates" time="0.228" /><testcase classname="backend.tests.test_iter15_batch.TestDigestPrefs" name="test_default_prefs_push_only" time="0.243" /><testcase classname="backend.tests.test_iter15_batch.TestDigestPrefs" name="test_update_prefs_persists" time="0.009" /><testcase classname="backend.tests.test_iter15_batch.TestDigestPrefs" name="test_digest_send_respects_email_pref" time="0.009" /><testcase classname="backend.tests.test_iter15_batch.TestCertVerify" name="test_invalid_cert_returns_not_found" time="0.004" /><testcase classname="backend.tests.test_iter15_batch.TestCertVerify" name="test_valid_cert_returns_public_info" time="0.027" /><testcase classname="backend.tests.test_iter15_batch.TestCertVerify" name="test_verify_no_auth_required" time="0.017" /><testcase classname="backend.tests.test_iter15_batch.TestCertVerify" name="test_certificate_pdf_now_contains_qr" time="0.039" /><testcase classname="backend.tests.test_iter15_batch.TestRecurringTrainingTriggersReview" name="test_3_completions_trigger_auto_review" time="0.052" /><testcase classname="backend.tests.test_iter15_batch.TestRecurringTrainingTriggersReview" name="test_no_duplicate_auto_review" time="0.022" /><testcase classname="backend.tests.test_iter16_batch.TestPerformanceCyclePDF" name="test_pdf_summary_downloads" time="0.257" /><testcase classname="backend.tests.test_iter16_batch.TestPerformanceCyclePDF" name="test_pdf_404_on_bad_cycle" time="0.004" /><testcase classname="backend.tests.test_iter16_batch.TestPerformanceCyclePDF" name="test_pdf_requires_admin" time="0.241" /><testcase classname="backend.tests.test_iter16_batch.TestDigestEmailDeepLinks" name="test_email_items_helper_returns_deep_links" time="0.000" /><testcase classname="backend.tests.test_iter16_batch.TestDigestEmailDeepLinks" name="test_email_items_empty_when_clear" time="0.000" /><testcase classname="backend.tests.test_iter17_civil_service.TestGradesAndSteps" name="test_seeded_grades_present" time="0.248" /><testcase classname="backend.tests.test_iter17_civil_service.TestGradesAndSteps" name="test_create_and_delete_custom_grade" time="0.019" /><testcase classname="backend.tests.test_iter17_civil_service.TestAllowanceRules" name="test_seeded_rules" time="0.005" /><testcase classname="backend.tests.test_iter17_civil_service.TestAllowanceRules" name="test_either_flat_or_pct_not_both" time="0.004" /><testcase classname="backend.tests.test_iter17_civil_service.TestBudgetCodes" name="test_seeded_budget_codes" time="0.004" /><testcase classname="backend.tests.test_iter17_civil_service.TestBudgetCodes" name="test_unique_codes" time="0.008" /><testcase classname="backend.tests.test_iter17_civil_service.TestPayrollUsesCivilServiceConfig" name="test_slips_include_grade_and_budget" time="0.011" /><testcase classname="backend.tests.test_iter17_civil_service.TestPayrollUsesCivilServiceConfig" name="test_allowance_breakdown_applied" time="0.000" /><testcase classname="backend.tests.test_iter17_civil_service.TestPayrollUsesCivilServiceConfig" name="test_lower_grade_no_responsibility" time="0.000" /><testcase classname="backend.tests.test_iter17_civil_service.TestMoFWorkflow" name="test_submit_and_approve" time="0.010" /><testcase classname="backend.tests.test_iter17_civil_service.TestMoFWorkflow" name="test_cannot_resubmit_after_approval" time="0.005" /><testcase classname="backend.tests.test_iter17_civil_service.TestMoFWorkflow" name="test_non_approver_cannot_approve" time="0.256" /><testcase classname="backend.tests.test_iter17_civil_service.TestGhostWorkers" name="test_employee_can_acknowledge_own_payslip" time="0.007" /><testcase classname="backend.tests.test_iter17_civil_service.TestGhostWorkers" name="test_ghost_report_excludes_acked" time="0.013" /><testcase classname="backend.tests.test_iter17_civil_service.TestGhostWorkers" name="test_acknowledge_404_on_bad_run" time="0.004" /><testcase classname="backend.tests.test_iter17_civil_service.TestBudgetReport" name="test_report_groups_by_budget_code" time="0.005" /><testcase classname="backend.tests.test_iter17_civil_service.TestAuthExposesMoFFlag" name="test_gov_admin_is_mof_approver" time="0.000" /><testcase classname="backend.tests.test_iter17_civil_service.TestAuthExposesMoFFlag" name="test_employee_is_not_mof_approver" time="0.234" /><testcase classname="backend.tests.test_iter18_csv_increments.TestEmployeeProfilePatch" name="test_patch_grade_and_step_syncs_basic_salary" time="0.260" /><testcase classname="backend.tests.test_iter18_csv_increments.TestEmployeeProfilePatch" name="test_patch_invalid_grade_404" time="0.008" /><testcase classname="backend.tests.test_iter18_csv_increments.TestActings" name="test_create_list_delete" time="0.021" /><testcase classname="backend.tests.test_iter18_csv_increments.TestActings" name="test_acting_appears_in_payroll" time="0.034" /><testcase classname="backend.tests.test_iter18_csv_increments.TestReportExports" name="test_budget_csv" time="0.020" /><testcase classname="backend.tests.test_iter18_csv_increments.TestReportExports" name="test_budget_pdf" time="0.014" /><testcase classname="backend.tests.test_iter18_csv_increments.TestReportExports" name="test_budget_json_still_works" time="0.005" /><testcase classname="backend.tests.test_iter18_csv_increments.TestReportExports" name="test_ghost_csv" time="0.007" /><testcase classname="backend.tests.test_iter18_csv_increments.TestReportExports" name="test_ghost_pdf" time="0.015" /><testcase classname="backend.tests.test_iter18_csv_increments.TestReportExports" name="test_ghost_json_still_works" time="0.006" /><testcase classname="backend.tests.test_iter18_csv_increments.TestStepIncrements" name="test_dry_run_no_anniversaries_today" time="0.017" /><testcase classname="backend.tests.test_iter18_csv_increments.TestStepIncrements" name="test_dry_run_with_target_date" time="0.013" /><testcase classname="backend.tests.test_iter18_csv_increments.TestStepIncrements" name="test_apply_idempotent" time="0.004"><skipped type="pytest.skip" message="no eligible employee for apply test">/app/backend/tests/test_iter18_csv_increments.py:195: no eligible employee for apply test</skipped></testcase><testcase classname="backend.tests.test_iter18_csv_increments.TestStepIncrements" name="test_history_endpoint" time="0.004" /><testcase classname="backend.tests.test_iter18_csv_increments.TestStepIncrements" name="test_invalid_target_date_returns_400" time="0.003" /><testcase classname="backend.tests.test_iter2_exports" name="test_employees_have_bank_fields" time="0.522" /><testcase classname="backend.tests.test_iter2_exports" name="test_payslip_pdf_admin_returns_pdf" time="0.278" /><testcase classname="backend.tests.test_iter2_exports" name="test_payslip_pdf_employee_own" time="0.725" /><testcase classname="backend.tests.test_iter2_exports" name="test_payslip_pdf_employee_forbidden_others" time="0.113" /><testcase classname="backend.tests.test_iter2_exports" name="test_payslip_pdf_404" time="11.644" /><testcase classname="backend.tests.test_iter2_exports" name="test_bank_file_admin" time="0.157" /><testcase classname="backend.tests.test_iter2_exports" name="test_bank_file_employee_forbidden" time="0.530" /><testcase classname="backend.tests.test_iter2_exports" name="test_bank_file_404" time="0.111" /><testcase classname="backend.tests.test_iter2_exports" name="test_audit_admin_lists" time="0.844" /><testcase classname="backend.tests.test_iter2_exports" name="test_audit_employee_forbidden" time="0.237" /><testcase classname="backend.tests.test_iter2_exports" name="test_audit_auto_create_on_employee_mutation" time="2.611" /><testcase classname="backend.tests.test_iter2_exports" name="test_audit_auto_create_on_bank_file_export" time="0.258" /><testcase classname="backend.tests.test_iter2_exports" name="test_my_payslips_employee" time="0.107" /><testcase classname="backend.tests.test_iter4_action_mode" name="test_assistant_context_includes_id_prefix" time="0.522" /><testcase classname="backend.tests.test_iter4_action_mode" name="test_assistant_context_employee_forbidden" time="8.829" /><testcase classname="backend.tests.test_iter4_action_mode" name="test_assistant_chat_action_mode_admin" time="10.947" /><testcase classname="backend.tests.test_iter4_action_mode" name="test_assistant_chat_action_mode_employee_plan_null" time="9.915" /><testcase classname="backend.tests.test_iter4_action_mode" name="test_execute_plan_admin_multi_step" time="0.300"><failure message="AssertionError: {&quot;detail&quot;:&quot;employee_id required&quot;}&#10;assert 400 == 200&#10; +  where 400 = &lt;Response [400]&gt;.status_code">backend/tests/test_iter4_action_mode.py:104: in test_execute_plan_admin_multi_step
    leave_id, eid = _create_pending_leave(admin_token)
                    ^^^^^^^^^^^^^^^^^^^^^^^^^^^^^^^^^^
backend/tests/test_iter4_action_mode.py:98: in _create_pending_leave
    assert r.status_code == 200, r.text
E   AssertionError: {"detail":"employee_id required"}
E   assert 400 == 200
E    +  where 400 = &lt;Response [400]&gt;.status_code</failure></testcase><testcase classname="backend.tests.test_iter4_action_mode" name="test_execute_plan_employee_forbidden" time="0.111" /><testcase classname="backend.tests.test_iter4_action_mode" name="test_execute_plan_empty_steps_422" time="0.139" /><testcase classname="backend.tests.test_iter4_action_mode" name="test_execute_plan_unknown_step_422" time="0.121" /><testcase classname="backend.tests.test_iter4_action_mode" name="test_execute_plan_step_error_isolated" time="0.141" /><testcase classname="backend.tests.test_iter4_action_mode" name="test_bank_file_csv_proper_escaping" time="3.978" /><testcase classname="backend.tests.test_iter4_action_mode" name="test_bank_file_employee_forbidden" time="0.483" /><testcase classname="backend.tests.test_iter5_refactor" name="test_router_mounted[GET-/]" time="0.443" /><testcase classname="backend.tests.test_iter5_refactor" name="test_router_mounted[GET-/auth/me]" time="0.137" /><testcase classname="backend.tests.test_iter5_refactor" name="test_router_mounted[GET-/employees]" time="1.015" /><testcase classname="backend.tests.test_iter5_refactor" name="test_router_mounted[GET-/payroll/runs]" time="0.133" /><testcase classname="backend.tests.test_iter5_refactor" name="test_router_mounted[GET-/leave]" time="0.115" /><testcase classname="backend.tests.test_iter5_refactor" name="test_router_mounted[GET-/attendance]" time="0.123" /><testcase classname="backend.tests.test_iter5_refactor" name="test_router_mounted[GET-/dashboard/overview]" time="0.122" /><testcase classname="backend.tests.test_iter5_refactor" name="test_router_mounted[GET-/audit]" time="0.132" /><testcase classname="backend.tests.test_iter5_refactor" name="test_router_mounted[GET-/compliance/summary]" time="8.667" /><testcase classname="backend.tests.test_iter5_refactor" name="test_plan_unknown_step_type_422" time="0.142" /><testcase classname="backend.tests.test_iter5_refactor" name="test_plan_max_50_steps_cap_422" time="3.676" /><testcase classname="backend.tests.test_iter5_refactor" name="test_plan_exactly_50_steps_accepted" time="0.179" /><testcase classname="backend.tests.test_iter5_refactor" name="test_plan_empty_steps_422" time="0.177" /><testcase classname="backend.tests.test_iter5_refactor" name="test_plan_payroll_run_missing_fields_422" time="0.110" /><testcase classname="backend.tests.test_iter5_refactor" name="test_plan_leave_decision_missing_fields_422" time="0.928" /><testcase classname="backend.tests.test_iter5_refactor" name="test_plan_attendance_log_missing_fields_422" time="2.100" /><testcase classname="backend.tests.test_iter5_refactor" name="test_plan_payroll_run_invalid_month_422" time="0.106" /><testcase classname="backend.tests.test_iter5_refactor" name="test_shared_run_payroll_equivalent_outputs" time="7.329" /><testcase classname="backend.tests.test_iter5_refactor" name="test_audit_action_prefixes_distinguish_source" time="0.139" /><testcase classname="backend.tests.test_iter5_refactor" name="test_lifespan_seed_admin_login_works" time="0.000" /><testcase classname="backend.tests.test_iter5_refactor" name="test_root_endpoint_alive" time="0.120" /><testcase classname="backend.tests.test_iter6_batchB.TestRegression" name="test_root" time="0.106" /><testcase classname="backend.tests.test_iter6_batchB.TestRegression" name="test_auth_me_admin" time="0.650"><failure message="AssertionError: assert (200 == 200 and 'superadmin' == 'admin'&#10; +  where 200 = &lt;Response [200]&gt;.status_code&#10;  &#10;  - admin&#10;  + superadmin)">backend/tests/test_iter6_batchB.py:58: in test_auth_me_admin
    assert r.status_code == 200 and r.json()["role"] == "admin"
E   AssertionError: assert (200 == 200 and 'superadmin' == 'admin'
E    +  where 200 = &lt;Response [200]&gt;.status_code
E     
E     - admin
E     + superadmin)</failure></testcase><testcase classname="backend.tests.test_iter6_batchB.TestRegression" name="test_employees_list" time="0.128" /><testcase classname="backend.tests.test_iter6_batchB.TestRegression" name="test_payroll_runs" time="0.123" /><testcase classname="backend.tests.test_iter6_batchB.TestRegression" name="test_compliance" time="0.185" /><testcase classname="backend.tests.test_iter6_batchB.TestRegression" name="test_leave_list" time="0.116" /><testcase classname="backend.tests.test_iter6_batchB.TestRegression" name="test_attendance_list" time="0.121" /><testcase classname="backend.tests.test_iter6_batchB.TestRegression" name="test_dashboard" time="0.161" /><testcase classname="backend.tests.test_iter6_batchB.TestRegression" name="test_audit_logs" time="0.151" /><testcase classname="backend.tests.test_iter6_batchB.TestBenefits" name="test_seed_plans_count" time="0.115" /><testcase classname="backend.tests.test_iter6_batchB.TestBenefits" name="test_employee_can_read_plans" time="0.476" /><testcase classname="backend.tests.test_iter6_batchB.TestBenefits" name="test_employee_cannot_create_plan" time="0.119" /><testcase classname="backend.tests.test_iter6_batchB.TestBenefits" name="test_admin_create_delete_cascade" time="0.509"><failure message="assert 400 == 200&#10; +  where 400 = &lt;Response [400]&gt;.status_code">backend/tests/test_iter6_batchB.py:126: in test_admin_create_delete_cascade
    assert r3.status_code == 200
E   assert 400 == 200
E    +  where 400 = &lt;Response [400]&gt;.status_code</failure></testcase><testcase classname="backend.tests.test_iter6_batchB.TestBenefits" name="test_enrollment_missing_plan_404" time="0.226"><failure message="assert 400 == 404&#10; +  where 400 = &lt;Response [400]&gt;.status_code">backend/tests/test_iter6_batchB.py:143: in test_enrollment_missing_plan_404
    assert r.status_code == 404
E   assert 400 == 404
E    +  where 400 = &lt;Response [400]&gt;.status_code</failure></testcase><testcase classname="backend.tests.test_iter6_batchB.TestBenefits" name="test_employee_self_enroll_and_scoped_list" time="5.992" /><testcase classname="backend.tests.test_iter6_batchB.TestTalent" name="test_seed_postings" time="0.105" /><testcase classname="backend.tests.test_iter6_batchB.TestTalent" name="test_employee_can_read_postings" time="0.139" /><testcase classname="backend.tests.test_iter6_batchB.TestTalent" name="test_employee_cannot_create_posting" time="0.111" /><testcase classname="backend.tests.test_iter6_batchB.TestTalent" name="test_employee_cannot_list_applicants" time="0.120" /><testcase classname="backend.tests.test_iter6_batchB.TestTalent" name="test_full_recruitment_flow" time="1.210" /><testcase classname="backend.tests.test_iter6_batchB.TestTalent" name="test_reviews_role_scope" time="0.378" /><testcase classname="backend.tests.test_iter6_batchB.TestTalent" name="test_programs_seed_and_role" time="0.340" /><testcase classname="backend.tests.test_iter6_batchB.TestTalent" name="test_employee_can_self_log_completion" time="0.357" /><testcase classname="backend.tests.test_iter6_batchB.TestAnalytics" name="test_payroll_trend" time="0.112" /><testcase classname="backend.tests.test_iter6_batchB.TestAnalytics" name="test_leave_usage_shape" time="0.141" /><testcase classname="backend.tests.test_iter6_batchB.TestAnalytics" name="test_top_earners" time="0.134" /><testcase classname="backend.tests.test_iter6_batchB.TestAnalytics" name="test_audit_activity" time="0.126" /><testcase classname="backend.tests.test_iter6_batchB.TestRateLimit" name="test_zzz_login_rate_limit" time="2.655"><failure message="AssertionError: expected 429 on 11th, got [401, 401, 401, 401, 401, 401, 401, 401, 401, 401, 401]&#10;assert 401 == 429">backend/tests/test_iter6_batchB.py:320: in test_zzz_login_rate_limit
    assert statuses[-1] == 429, f"expected 429 on 11th, got {statuses}"
E   AssertionError: expected 429 on 11th, got [401, 401, 401, 401, 401, 401, 401, 401, 401, 401, 401]
E   assert 401 == 429</failure></testcase><testcase classname="backend.tests.test_iter6_batchB.TestRateLimit" name="test_zzz_chat_rate_limit" time="127.093"><failure message="AssertionError: expected 429 within 21 chat calls, got [200, 200, 200, 200, 200, 200, 200, 200, 200, 200, 200, 200, 200, 200, 200, 200, 200, 200, 200, 200, 200]&#10;assert 429 in [200, 200, 200, 200, 200, 200, ...]">backend/tests/test_iter6_batchB.py:341: in test_zzz_chat_rate_limit
    assert 429 in statuses, f"expected 429 within 21 chat calls, got {statuses}"
E   AssertionError: expected 429 within 21 chat calls, got [200, 200, 200, 200, 200, 200, 200, 200, 200, 200, 200, 200, 200, 200, 200, 200, 200, 200, 200, 200, 200]
E   assert 429 in [200, 200, 200, 200, 200, 200, ...]</failure></testcase><testcase classname="backend.tests.test_iter6_documents.TestManagerLeaveApproval" name="test_manager_can_approve_report_leave" time="0.533"><failure message="AssertionError: {&quot;detail&quot;:&quot;employee_id required&quot;}&#10;assert 400 == 200&#10; +  where 400 = &lt;Response [400]&gt;.status_code">backend/tests/test_iter6_documents.py:70: in test_manager_can_approve_report_leave
    assert r.status_code == 200, r.text
E   AssertionError: {"detail":"employee_id required"}
E   assert 400 == 200
E    +  where 400 = &lt;Response [400]&gt;.status_code</failure></testcase><testcase classname="backend.tests.test_iter6_documents.TestManagerLeaveApproval" name="test_unrelated_employee_403" time="0.117"><failure message="KeyError: 'id'">backend/tests/test_iter6_documents.py:96: in test_unrelated_employee_403
    lid = r.json()["id"]
          ^^^^^^^^^^^^^^
E   KeyError: 'id'</failure></testcase><testcase classname="backend.tests.test_iter6_documents.TestManagerLeaveApproval" name="test_admin_can_always_approve" time="0.108"><failure message="KeyError: 'id'">backend/tests/test_iter6_documents.py:111: in test_admin_can_always_approve
    lid = r.json()["id"]
          ^^^^^^^^^^^^^^
E   KeyError: 'id'</failure></testcase><testcase classname="backend.tests.test_iter6_documents.TestDecisionBriefPDF" name="test_pdf_returned" time="0.393" /><testcase classname="backend.tests.test_iter6_documents.TestDecisionBriefPDF" name="test_pdf_requires_at_least_2" time="0.348" /><testcase classname="backend.tests.test_iter6_documents.TestDocumentVault" name="test_upload_admin_pdf_ok" time="0.418" /><testcase classname="backend.tests.test_iter6_documents.TestDocumentVault" name="test_upload_rejects_text" time="0.106" /><testcase classname="backend.tests.test_iter6_documents.TestDocumentVault" name="test_upload_rejects_oversize" time="0.717" /><testcase classname="backend.tests.test_iter6_documents.TestDocumentVault" name="test_upload_non_admin_403" time="0.437" /><testcase classname="backend.tests.test_iter6_documents.TestDocumentVault" name="test_list_admin_all" time="0.106" /><testcase classname="backend.tests.test_iter6_documents.TestDocumentVault" name="test_list_filter_by_employee_and_category" time="0.107" /><testcase classname="backend.tests.test_iter6_documents.TestDocumentVault" name="test_list_employee_sees_only_own" time="0.123" /><testcase classname="backend.tests.test_iter6_documents.TestDocumentVault" name="test_employee_docs_other_403" time="0.401" /><testcase classname="backend.tests.test_iter6_documents.TestDocumentVault" name="test_download_byte_perfect" time="0.337" /><testcase classname="backend.tests.test_iter6_documents.TestDocumentVault" name="test_download_employee_own_ok" time="0.263" /><testcase classname="backend.tests.test_iter6_documents.TestDocumentVault" name="test_download_employee_other_403" time="0.801" /><testcase classname="backend.tests.test_iter6_documents.TestDocumentVault" name="test_stats_summary" time="0.114" /><testcase classname="backend.tests.test_iter6_documents.TestDocumentVault" name="test_soft_delete_then_404" time="0.620" /><testcase classname="backend.tests.test_iter6_documents.TestDocumentVault" name="test_delete_non_admin_403" time="1.478" /><testcase classname="backend.tests.test_iter7_tenant.TestLogin" name="test_login_returns_company_block" time="0.329" /><testcase classname="backend.tests.test_iter7_tenant.TestLogin" name="test_me_returns_company" time="0.441" /><testcase classname="backend.tests.test_iter7_tenant.TestCompanyEndpoints" name="test_get_company" time="0.105" /><testcase classname="backend.tests.test_iter7_tenant.TestCompanyEndpoints" name="test_get_tiers" time="0.130"><failure message="AssertionError: assert 26 == 23&#10; +  where 26 = len(['employees', 'payroll', 'compliance', 'leave', 'attendance', 'self_service', ...])">backend/tests/test_iter7_tenant.py:110: in test_get_tiers
    assert len(gov["features"]) == 23
E   AssertionError: assert 26 == 23
E    +  where 26 = len(['employees', 'payroll', 'compliance', 'leave', 'attendance', 'self_service', ...])</failure></testcase><testcase classname="backend.tests.test_iter7_tenant.TestTenantScoping" name="test_list_endpoint_scoped[/api/employees-False]" time="0.259" /><testcase classname="backend.tests.test_iter7_tenant.TestTenantScoping" name="test_list_endpoint_scoped[/api/payroll/runs-False]" time="0.269" /><testcase classname="backend.tests.test_iter7_tenant.TestTenantScoping" name="test_list_endpoint_scoped[/api/leave-False]" time="0.235" /><testcase classname="backend.tests.test_iter7_tenant.TestTenantScoping" name="test_list_endpoint_scoped[/api/attendance-True]" time="0.290" /><testcase classname="backend.tests.test_iter7_tenant.TestTenantScoping" name="test_list_endpoint_scoped[/api/benefits/plans-False]" time="0.212" /><testcase classname="backend.tests.test_iter7_tenant.TestTenantScoping" name="test_list_endpoint_scoped[/api/talent/postings-False]" time="0.249" /><testcase classname="backend.tests.test_iter7_tenant.TestTenantScoping" name="test_list_endpoint_scoped[/api/documents-True]" time="0.208" /><testcase classname="backend.tests.test_iter7_tenant.TestTenantScoping" name="test_list_endpoint_scoped[/api/payroll/scenarios-True]" time="0.211" /><testcase classname="backend.tests.test_iter7_tenant.TestTenantScoping" name="test_list_endpoint_scoped[/api/audit-False]" time="0.299" /><testcase classname="backend.tests.test_iter7_tenant.TestTenantScoping" name="test_dashboard_overview_200" time="0.254" /><testcase classname="backend.tests.test_iter7_tenant.TestTenantScoping" name="test_analytics_payroll_trend_200" time="0.242" /><testcase classname="backend.tests.test_iter7_tenant.TestTierGatingEnterprise" name="test_enterprise_can_access[/api/payroll/scenarios]" time="0.120" /><testcase classname="backend.tests.test_iter7_tenant.TestTierGatingEnterprise" name="test_enterprise_can_access[/api/analytics/payroll-trend]" time="0.118" /><testcase classname="backend.tests.test_iter7_tenant.TestTierGatingEnterprise" name="test_enterprise_can_access[/api/documents]" time="0.139" /><testcase classname="backend.tests.test_iter7_tenant.TestTierGatingEnterprise" name="test_enterprise_can_access[/api/benefits/plans]" time="0.135" /><testcase classname="backend.tests.test_iter7_tenant.TestTierGatingEnterprise" name="test_enterprise_can_access[/api/talent/postings]" time="0.138" /><testcase classname="backend.tests.test_iter7_tenant.TestDecisionBriefPDF" name="test_pdf_mentions_company_and_tier" time="0.635" /><testcase classname="backend.tests.test_iter7_tenant.TestDocumentTenant" name="test_upload_carries_company_id_and_cross_tenant_404" time="0.718" /><testcase classname="backend.tests.test_iter7_tenant.TestPayrollRun" name="test_run_inserts_with_company_id" time="0.259" /><testcase classname="backend.tests.test_iter7_tenant.TestManagerLeave" name="test_manager_can_approve_direct_report" time="0.557"><skipped type="pytest.skip" message="Aminata has no direct reports in current data">/app/backend/tests/test_iter7_tenant.py:287: Aminata has no direct reports in current data</skipped></testcase><testcase classname="backend.tests.test_iter7_tenant.TestAIActionMode" name="test_execute_payroll_simulate" time="0.119" /><testcase classname="backend.tests.test_iter7_tenant.TestAuditTenant" name="test_audit_only_my_company" time="0.228" /><testcase classname="backend.tests.test_iter8_phase_abc.TestSuperAdminSeed" name="test_login_role_is_superadmin" time="0.352" /><testcase classname="backend.tests.test_iter8_phase_abc.TestSuperAdminCompanyManagement" name="test_list_companies_returns_tenants_with_counts" time="0.131" /><testcase classname="backend.tests.test_iter8_phase_abc.TestSuperAdminCompanyManagement" name="test_create_company_and_admin_can_login" time="0.815" /><testcase classname="backend.tests.test_iter8_phase_abc.TestSuperAdminCompanyManagement" name="test_patch_company_tier_changes_features" time="0.347" /><testcase classname="backend.tests.test_iter8_phase_abc.TestSuperAdminCompanyManagement" name="test_switch_company_issues_new_token_and_scopes" time="0.472" /><testcase classname="backend.tests.test_iter8_phase_abc.TestNonSuperAdminGating" name="test_bo_admin_cannot_list_companies" time="0.443" /><testcase classname="backend.tests.test_iter8_phase_abc.TestNonSuperAdminGating" name="test_gov_admin_cannot_switch_company" time="0.442" /><testcase classname="backend.tests.test_iter8_phase_abc.TestUsersRouter" name="test_list_users_is_tenant_scoped" time="0.148" /><testcase classname="backend.tests.test_iter8_phase_abc.TestUsersRouter" name="test_invite_then_duplicate_then_reset_then_delete" time="1.358" /><testcase classname="backend.tests.test_iter8_phase_abc.TestUsersRouter" name="test_reset_password_on_superadmin_target_is_403" time="0.241" /><testcase classname="backend.tests.test_iter8_phase_abc.TestUsersRouter" name="test_delete_self_returns_400" time="0.233" /><testcase classname="backend.tests.test_iter8_phase_abc.TestUsersRouter" name="test_unlinked_employees" time="0.115" /><testcase classname="backend.tests.test_iter8_phase_abc.TestGovTenantSeed" name="test_gov_admin_login_and_tier" time="0.000" /><testcase classname="backend.tests.test_iter8_phase_abc.TestGovTenantSeed" name="test_gov_has_six_employees" time="0.117" /><testcase classname="backend.tests.test_iter8_phase_abc.TestTwilioSms" name="test_sms_status_returns_not_configured" time="0.123"><failure message="AssertionError: assert {'twilio_configured': True} == {'twilio_configured': False}&#10;  &#10;  Differing items:&#10;  {'twilio_configured': True} != {'twilio_configured': False}&#10;  &#10;  Full diff:&#10;    {&#10;  -     'twilio_configured': False,...&#10;  &#10;  ...Full output truncated (4 lines hidden), use '-vv' to show">backend/tests/test_iter8_phase_abc.py:298: in test_sms_status_returns_not_configured
    assert r.json() == {"twilio_configured": False}
E   AssertionError: assert {'twilio_configured': True} == {'twilio_configured': False}
E     
E     Differing items:
E     {'twilio_configured': True} != {'twilio_configured': False}
E     
E     Full diff:
E       {
E     -     'twilio_configured': False,...
E     
E     ...Full output truncated (4 lines hidden), use '-vv' to show</failure></testcase><testcase classname="backend.tests.test_iter8_phase_abc.TestTwilioSms" name="test_demo_salone_send_sms_is_402" time="0.365" /><testcase classname="backend.tests.test_iter8_phase_abc.TestTwilioSms" name="test_gov_send_sms_dry_run_succeeds" time="2.337"><failure message="assert True is False">backend/tests/test_iter8_phase_abc.py:328: in test_gov_send_sms_dry_run_succeeds
    assert s["twilio_configured"] is False
E   assert True is False</failure></testcase><testcase classname="backend.tests.test_iter8_phase_abc.TestTwilioSms" name="test_sms_logs_are_tenant_scoped" time="0.242" /><testcase classname="backend.tests.test_iter8_phase_abc.TestPhaseARegression" name="test_payroll_run_and_bank_file" time="0.360" /><testcase classname="backend.tests.test_iter8_phase_abc.TestPhaseARegression" name="test_documents_upload_download_delete" time="0.736" /><testcase classname="backend.tests.test_iter9_features.TestComplianceScore" name="test_demo_tenant_sms_not_applicable" time="1.093" /><testcase classname="backend.tests.test_iter9_features.TestComplianceScore" name="test_gov_tenant_sms_applicable" time="0.468" /><testcase classname="backend.tests.test_iter9_features.TestComplianceScore" name="test_employee_forbidden" time="0.431" /><testcase classname="backend.tests.test_iter9_features.TestComplianceScore" name="test_super_admin_switch_to_gov_changes_applicability" time="0.369" /><testcase classname="backend.tests.test_iter9_features.TestTwoFA" name="test_policy_superadmin_required" time="0.115" /><testcase classname="backend.tests.test_iter9_features.TestTwoFA" name="test_policy_gov_admin_not_required" time="0.142" /><testcase classname="backend.tests.test_iter9_features.TestTwoFA" name="test_full_2fa_round_trip" time="0.233"><failure message="AssertionError: {&quot;detail&quot;:&quot;2FA already enabled&quot;}&#10;assert 409 == 200&#10; +  where 409 = &lt;Response [409]&gt;.status_code">backend/tests/test_iter9_features.py:129: in test_full_2fa_round_trip
    assert r.status_code == 200, r.text
E   AssertionError: {"detail":"2FA already enabled"}
E   assert 409 == 200
E    +  where 409 = &lt;Response [409]&gt;.status_code</failure></testcase><testcase classname="backend.tests.test_iter9_features.TestSchedules" name="test_schedule_full_lifecycle" time="0.801" /><testcase classname="backend.tests.test_iter9_features.TestSchedules" name="test_employee_cannot_list_schedules" time="0.134" /><testcase classname="backend.tests.test_iter9_features.TestSchedules" name="test_invalid_cadence_rejected" time="0.132" /><testcase classname="backend.tests.test_iter9_features.TestMinistry" name="test_gov_rollup_ok" time="0.109" /><testcase classname="backend.tests.test_iter9_features.TestMinistry" name="test_demo_tenant_402" time="0.330" /><testcase classname="backend.tests.test_iter9_features.TestPWA" name="test_manifest" time="0.105" /><testcase classname="backend.tests.test_iter9_features.TestPWA" name="test_service_worker" time="0.101" /><testcase classname="backend.tests.test_salonehcm" name="test_login_admin_returns_token" time="0.338"><failure message="AssertionError: assert 'superadmin' == 'admin'&#10;  &#10;  - admin&#10;  + superadmin">backend/tests/test_salonehcm.py:37: in test_login_admin_returns_token
    assert d["role"] == "admin"
E   AssertionError: assert 'superadmin' == 'admin'
E     
E     - admin
E     + superadmin</failure></testcase><testcase classname="backend.tests.test_salonehcm" name="test_login_invalid_creds" time="0.120" /><testcase classname="backend.tests.test_salonehcm" name="test_auth_me" time="0.532" /><testcase classname="backend.tests.test_salonehcm" name="test_list_employees_seeded" time="0.104" /><testcase classname="backend.tests.test_salonehcm" name="test_create_and_get_employee" time="0.354" /><testcase classname="backend.tests.test_salonehcm" name="test_employee_cannot_create" time="0.481" /><testcase classname="backend.tests.test_salonehcm" name="test_payroll_preview" time="0.103" /><testcase classname="backend.tests.test_salonehcm" name="test_payroll_run_and_list" time="0.348" /><testcase classname="backend.tests.test_salonehcm" name="test_my_payslip_employee" time="0.110" /><testcase classname="backend.tests.test_salonehcm" name="test_compliance_summary" time="0.154" /><testcase classname="backend.tests.test_salonehcm" name="test_nra_export" time="0.246" /><testcase classname="backend.tests.test_salonehcm" name="test_leave_create_and_decision" time="0.227"><failure message="assert 400 == 200&#10; +  where 400 = &lt;Response [400]&gt;.status_code">backend/tests/test_salonehcm.py:149: in test_leave_create_and_decision
    assert r.status_code == 200
E   assert 400 == 200
E    +  where 400 = &lt;Response [400]&gt;.status_code</failure></testcase><testcase classname="backend.tests.test_salonehcm" name="test_leave_employee_only_own" time="0.125" /><testcase classname="backend.tests.test_salonehcm" name="test_attendance_create_list" time="0.234"><failure message="assert 400 == 200&#10; +  where 400 = &lt;Response [400]&gt;.status_code">backend/tests/test_salonehcm.py:168: in test_attendance_create_list
    assert r.status_code == 200
E   assert 400 == 200
E    +  where 400 = &lt;Response [400]&gt;.status_code</failure></testcase><testcase classname="backend.tests.test_salonehcm" name="test_dashboard_overview" time="0.115" /><testcase classname="backend.tests.test_salonehcm" name="test_assistant_chat" time="4.101" /></testsuite></testsuites>