<?xml version="1.0" encoding="utf-8"?><testsuites name="pytest tests"><testsuite name="pytest" errors="0" failures="0" skipped="0" tests="23" time="6.123" timestamp="2026-06-28T03:20:17.361067+00:00" hostname="agent-env-c6187bdf-1b31-4d59-8340-4e23bea1eb04"><testcase classname="backend.tests.test_iter25_demo_requests" name="test_demo_request_happy_path_persists" time="0.183" /><testcase classname="backend.tests.test_iter25_demo_requests" name="test_demo_request_phone_optional" time="0.114" /><testcase classname="backend.tests.test_iter25_demo_requests" name="test_demo_request_rejects_invalid_industry" time="0.104" /><testcase classname="backend.tests.test_iter25_demo_requests" name="test_demo_request_rejects_invalid_size" time="0.138" /><testcase classname="backend.tests.test_iter25_demo_requests" name="test_demo_request_rejects_invalid_topic" time="0.115" /><testcase classname="backend.tests.test_iter25_demo_requests" name="test_demo_request_requires_at_least_one_topic" time="0.097" /><testcase classname="backend.tests.test_iter25_demo_requests" name="test_demo_request_is_public_no_auth_required" time="0.100" /><testcase classname="backend.tests.test_iter21_marketing_leads" name="test_lead_capture_creates_doc_in_db" time="0.221" /><testcase classname="backend.tests.test_iter21_marketing_leads" name="test_lead_capture_rejects_invalid_email" time="0.115" /><testcase classname="backend.tests.test_iter21_marketing_leads" name="test_lead_capture_rejects_zero_employees" time="0.095" /><testcase classname="backend.tests.test_iter21_marketing_leads" name="test_lead_capture_is_public_no_auth_required" time="0.113" /><testcase classname="backend.tests.test_iter23_drift_monitor" name="test_drift_check_clean_state" time="0.517" /><testcase classname="backend.tests.test_iter23_drift_monitor" name="test_drift_check_requires_superadmin" time="0.430" /><testcase classname="backend.tests.test_iter23_drift_monitor" name="test_drift_check_detects_and_resync_fixes" time="1.159" /><testcase classname="backend.tests.test_iter23_drift_monitor" name="test_drift_resync_with_no_drift_returns_zero" time="0.444" /><testcase classname="backend.tests.test_iter24_sms_test_endpoint.TestAuth" name="test_unauthenticated_returns_401" time="0.007" /><testcase classname="backend.tests.test_iter24_sms_test_endpoint.TestAuth" name="test_employee_returns_403" time="0.231" /><testcase classname="backend.tests.test_iter24_sms_test_endpoint.TestValidation" name="test_missing_to_returns_422" time="0.230" /><testcase classname="backend.tests.test_iter24_sms_test_endpoint.TestValidation" name="test_malformed_phone_returns_422" time="0.004" /><testcase classname="backend.tests.test_iter24_sms_test_endpoint.TestValidation" name="test_body_too_long_returns_422" time="0.003" /><testcase classname="backend.tests.test_iter24_sms_test_endpoint.TestHappyPath" name="test_status_reports_twilio_configured" time="0.003" /><testcase classname="backend.tests.test_iter24_sms_test_endpoint.TestHappyPath" name="test_send_test_sms_with_explicit_body" time="1.026" /><testcase classname="backend.tests.test_iter24_sms_test_endpoint.TestHappyPath" name="test_send_test_sms_with_default_body" time="0.619" /></testsuite></testsuites>