<?xml version="1.0" encoding="utf-8"?><testsuites name="pytest tests"><testsuite name="pytest" errors="0" failures="4" skipped="0" tests="11" time="7.373" timestamp="2026-06-23T20:53:28.923749+00:00" hostname="agent-env-c6187bdf-1b31-4d59-8340-4e23bea1eb04"><testcase classname="tests.test_iter20_presets_and_promotion" name="test_sector_catalog_returns_five_presets" time="0.612" /><testcase classname="tests.test_iter20_presets_and_promotion" name="test_apply_preset_to_employee" time="0.643" /><testcase classname="tests.test_iter20_presets_and_promotion" name="test_apply_preset_with_overrides" time="0.666" /><testcase classname="tests.test_iter20_presets_and_promotion" name="test_apply_bulk_by_ids" time="0.538" /><testcase classname="tests.test_iter20_presets_and_promotion" name="test_clear_preset" time="0.783" /><testcase classname="tests.test_iter20_presets_and_promotion" name="test_sector_allowances_flow_into_payroll" time="0.728" /><testcase classname="tests.test_iter20_presets_and_promotion" name="test_eligible_list_returns_rows" time="0.455"><failure message="assert 402 == 200&#10; +  where 402 = &lt;Response [402]&gt;.status_code">tests/test_iter20_presets_and_promotion.py:120: in test_eligible_list_returns_rows
    assert r.status_code == 200
E   assert 402 == 200
E    +  where 402 = &lt;Response [402]&gt;.status_code</failure></testcase><testcase classname="tests.test_iter20_presets_and_promotion" name="test_cannot_recommend_non_eligible" time="0.419"><failure message="KeyError: 'rows'">tests/test_iter20_presets_and_promotion.py:129: in test_cannot_recommend_non_eligible
    rows = requests.get(f"{API}/promotion/eligible", headers=gov_h).json()["rows"]
           ^^^^^^^^^^^^^^^^^^^^^^^^^^^^^^^^^^^^^^^^^^^^^^^^^^^^^^^^^^^^^^^^^^^^^^^
E   KeyError: 'rows'</failure></testcase><testcase classname="tests.test_iter20_presets_and_promotion" name="test_recommend_approve_lifecycle" time="0.464"><failure message="KeyError: 'rows'">tests/test_iter20_presets_and_promotion.py:165: in test_recommend_approve_lifecycle
    elig_row = next((r for r in requests.get(f"{API}/promotion/eligible", headers=gov_h).json()["rows"]
                                ^^^^^^^^^^^^^^^^^^^^^^^^^^^^^^^^^^^^^^^^^^^^^^^^^^^^^^^^^^^^^^^^^^^^^^^
E   KeyError: 'rows'</failure></testcase><testcase classname="tests.test_iter20_presets_and_promotion" name="test_double_pending_recommendation_blocked" time="0.493"><failure message="assert 402 == 201&#10; +  where 402 = &lt;Response [402]&gt;.status_code">tests/test_iter20_presets_and_promotion.py:209: in test_double_pending_recommendation_blocked
    assert r1.status_code == 201
E   assert 402 == 201
E    +  where 402 = &lt;Response [402]&gt;.status_code</failure></testcase><testcase classname="tests.test_iter20_presets_and_promotion" name="test_lite_tier_blocked_from_sector" time="1.517" /></testsuite></testsuites>