<?xml version="1.0" encoding="utf-8"?><testsuites name="pytest tests"><testsuite name="pytest" errors="0" failures="0" skipped="0" tests="9" time="5.654" timestamp="2026-06-24T20:51:29.812585+00:00" hostname="agent-env-c6187bdf-1b31-4d59-8340-4e23bea1eb04"><testcase classname="test_iter19_billing" name="test_plan_catalog_public" time="0.209" /><testcase classname="test_iter19_billing" name="test_me_returns_subscription_shape" time="0.469" /><testcase classname="test_iter19_billing" name="test_bank_invoice_lifecycle" time="1.158" /><testcase classname="test_iter19_billing" name="test_only_superadmin_can_mark_paid" time="0.584" /><testcase classname="test_iter19_billing" name="test_double_open_invoice_blocked" time="0.566" /><testcase classname="test_iter19_billing" name="test_per_employee_surcharge" time="0.790" /><testcase classname="test_iter19_billing" name="test_invoices_list_admin_only" time="0.869" /><testcase classname="test_iter19_billing" name="test_stripe_checkout_creates_session_with_test_key" time="0.854" /><testcase classname="test_iter19_billing" name="test_unauthenticated_blocked" time="0.133" /></testsuite></testsuites>