<?xml version="1.0" encoding="utf-8"?><testsuites name="pytest tests"><testsuite name="pytest" errors="0" failures="0" skipped="0" tests="7" time="3.211" timestamp="2026-05-19T03:28:48.393131+00:00" hostname="agent-env-c6187bdf-1b31-4d59-8340-4e23bea1eb04"><testcase classname="backend.tests.test_iter15_csrf_cookies" name="test_login_sets_session_and_csrf_cookies" time="0.455" /><testcase classname="backend.tests.test_iter15_csrf_cookies" name="test_cookie_auth_works_for_get" time="0.423" /><testcase classname="backend.tests.test_iter15_csrf_cookies" name="test_csrf_blocks_state_change_when_cookie_authed" time="0.431" /><testcase classname="backend.tests.test_iter15_csrf_cookies" name="test_csrf_allows_state_change_when_header_matches_cookie" time="0.384" /><testcase classname="backend.tests.test_iter15_csrf_cookies" name="test_bearer_header_bypasses_csrf" time="0.465" /><testcase classname="backend.tests.test_iter15_csrf_cookies" name="test_logout_clears_both_cookies" time="0.381" /><testcase classname="backend.tests.test_iter15_csrf_cookies" name="test_mixed_auth_prefers_authorization_header" time="0.641" /></testsuite></testsuites>