<?xml version="1.0" encoding="utf-8"?><testsuites name="pytest tests"><testsuite name="pytest" errors="0" failures="0" skipped="0" tests="4" time="2.492" timestamp="2026-06-24T21:54:39.469593+00:00" hostname="agent-env-c6187bdf-1b31-4d59-8340-4e23bea1eb04"><testcase classname="tests.test_iter23_drift_monitor" name="test_drift_check_clean_state" time="0.529" /><testcase classname="tests.test_iter23_drift_monitor" name="test_drift_check_requires_superadmin" time="0.442" /><testcase classname="tests.test_iter23_drift_monitor" name="test_drift_check_detects_and_resync_fixes" time="1.082" /><testcase classname="tests.test_iter23_drift_monitor" name="test_drift_resync_with_no_drift_returns_zero" time="0.424" /></testsuite></testsuites>