<?xml version="1.0" encoding="utf-8"?><testsuites name="pytest tests"><testsuite name="pytest" errors="0" failures="1" skipped="0" tests="14" time="8.281" timestamp="2026-05-12T21:29:44.517104+00:00" hostname="agent-env-c6187bdf-1b31-4d59-8340-4e23bea1eb04"><testcase classname="tests.test_iter9_features.TestComplianceScore" name="test_demo_tenant_sms_not_applicable" time="0.637" /><testcase classname="tests.test_iter9_features.TestComplianceScore" name="test_gov_tenant_sms_applicable" time="0.526" /><testcase classname="tests.test_iter9_features.TestComplianceScore" name="test_employee_forbidden" time="0.985" /><testcase classname="tests.test_iter9_features.TestComplianceScore" name="test_super_admin_switch_to_gov_changes_applicability" time="0.467" /><testcase classname="tests.test_iter9_features.TestTwoFA" name="test_policy_superadmin_required" time="0.160" /><testcase classname="tests.test_iter9_features.TestTwoFA" name="test_policy_gov_admin_not_required" time="0.153" /><testcase classname="tests.test_iter9_features.TestTwoFA" name="test_full_2fa_round_trip" time="2.866" /><testcase classname="tests.test_iter9_features.TestSchedules" name="test_schedule_full_lifecycle" time="1.109" /><testcase classname="tests.test_iter9_features.TestSchedules" name="test_employee_cannot_list_schedules" time="0.135" /><testcase classname="tests.test_iter9_features.TestSchedules" name="test_invalid_cadence_rejected" time="0.136" /><testcase classname="tests.test_iter9_features.TestMinistry" name="test_gov_rollup_ok" time="0.147" /><testcase classname="tests.test_iter9_features.TestMinistry" name="test_demo_tenant_402" time="0.458" /><testcase classname="tests.test_iter9_features.TestPWA" name="test_manifest" time="0.183"><failure message="AssertionError: assert 'SaloneHCM — ...HCM &amp; Payroll' == 'SaloneHCM'&#10;  &#10;  - SaloneHCM&#10;  + SaloneHCM — Sierra Leone HCM &amp; Payroll">tests/test_iter9_features.py:272: in test_manifest
    assert d.get("name") == "SaloneHCM"
E   AssertionError: assert 'SaloneHCM — ...HCM &amp; Payroll' == 'SaloneHCM'
E     
E     - SaloneHCM
E     + SaloneHCM — Sierra Leone HCM &amp; Payroll</failure></testcase><testcase classname="tests.test_iter9_features.TestPWA" name="test_service_worker" time="0.139" /></testsuite></testsuites>