<?xml version="1.0" encoding="utf-8"?><testsuites name="pytest tests"><testsuite name="pytest" errors="0" failures="0" skipped="0" tests="16" time="9.251" timestamp="2026-05-10T14:23:07.185785+00:00" hostname="agent-env-c6187bdf-1b31-4d59-8340-4e23bea1eb04"><testcase classname="backend.tests.test_salonehcm" name="test_login_admin_returns_token" time="0.407" /><testcase classname="backend.tests.test_salonehcm" name="test_login_invalid_creds" time="0.178" /><testcase classname="backend.tests.test_salonehcm" name="test_auth_me" time="0.439" /><testcase classname="backend.tests.test_salonehcm" name="test_list_employees_seeded" time="0.136" /><testcase classname="backend.tests.test_salonehcm" name="test_create_and_get_employee" time="0.372" /><testcase classname="backend.tests.test_salonehcm" name="test_employee_cannot_create" time="0.474" /><testcase classname="backend.tests.test_salonehcm" name="test_payroll_preview" time="0.097" /><testcase classname="backend.tests.test_salonehcm" name="test_payroll_run_and_list" time="0.412" /><testcase classname="backend.tests.test_salonehcm" name="test_my_payslip_employee" time="0.109" /><testcase classname="backend.tests.test_salonehcm" name="test_compliance_summary" time="0.114" /><testcase classname="backend.tests.test_salonehcm" name="test_nra_export" time="0.211" /><testcase classname="backend.tests.test_salonehcm" name="test_leave_create_and_decision" time="0.328" /><testcase classname="backend.tests.test_salonehcm" name="test_leave_employee_only_own" time="0.096" /><testcase classname="backend.tests.test_salonehcm" name="test_attendance_create_list" time="0.335" /><testcase classname="backend.tests.test_salonehcm" name="test_dashboard_overview" time="0.108" /><testcase classname="backend.tests.test_salonehcm" name="test_assistant_chat" time="5.261" /></testsuite></testsuites>